<?xml version="1.0" encoding="utf-8"?>
<CoverageSession xmlns:xsd="http://www.w3.org/2001/XMLSchema" xmlns:xsi="http://www.w3.org/2001/XMLSchema-instance" Version="0.0.0.0">
  <Summary numSequencePoints="3520" visitedSequencePoints="1091" numBranchPoints="0" visitedBranchPoints="0" sequenceCoverage="30.99" branchCoverage="0.0" maxCyclomaticComplexity="0" minCyclomaticComplexity="0" maxCrapScore="0" minCrapScore="0" visitedClasses="42" numClasses="96" visitedMethods="118" numMethods="294" />
  <Modules>
    <Module>
      <Summary numSequencePoints="2343" visitedSequencePoints="0" numBranchPoints="0" visitedBranchPoints="0" sequenceCoverage="0.0" branchCoverage="0.0" maxCyclomaticComplexity="0" minCyclomaticComplexity="0" maxCrapScore="0" minCrapScore="0" visitedClasses="0" numClasses="51" visitedMethods="0" numMethods="166" />
      <ModuleTime>0001-01-01T00:00:00</ModuleTime>
      <ModuleName>Assembly-CSharp</ModuleName>
      <Files>
        <File uid="1" fullPath="C:/Users/William Brett/Documents/GitHub/SocialDeduction/Assets/TextMesh Pro/Examples &amp; Extras/Scripts/ChatController.cs" />
        <File uid="2" fullPath="C:/Users/William Brett/Documents/GitHub/SocialDeduction/Assets/TextMesh Pro/Examples &amp; Extras/Scripts/DropdownSample.cs" />
        <File uid="3" fullPath="C:/Users/William Brett/Documents/GitHub/SocialDeduction/Assets/TextMesh Pro/Examples &amp; Extras/Scripts/EnvMapAnimator.cs" />
        <File uid="4" fullPath="C:/Users/William Brett/Documents/GitHub/SocialDeduction/Assets/TextMesh Pro/Examples &amp; Extras/Scripts/TMP_DigitValidator.cs" />
        <File uid="5" fullPath="C:/Users/William Brett/Documents/GitHub/SocialDeduction/Assets/TextMesh Pro/Examples &amp; Extras/Scripts/TMP_PhoneNumberValidator.cs" />
        <File uid="6" fullPath="C:/Users/William Brett/Documents/GitHub/SocialDeduction/Assets/TextMesh Pro/Examples &amp; Extras/Scripts/TMP_TextEventHandler.cs" />
        <File uid="7" fullPath="C:/Users/William Brett/Documents/GitHub/SocialDeduction/Assets/TextMesh Pro/Examples &amp; Extras/Scripts/Benchmark01.cs" />
        <File uid="8" fullPath="C:/Users/William Brett/Documents/GitHub/SocialDeduction/Assets/TextMesh Pro/Examples &amp; Extras/Scripts/Benchmark01_UGUI.cs" />
        <File uid="9" fullPath="C:/Users/William Brett/Documents/GitHub/SocialDeduction/Assets/TextMesh Pro/Examples &amp; Extras/Scripts/Benchmark02.cs" />
        <File uid="10" fullPath="C:/Users/William Brett/Documents/GitHub/SocialDeduction/Assets/TextMesh Pro/Examples &amp; Extras/Scripts/Benchmark03.cs" />
        <File uid="11" fullPath="C:/Users/William Brett/Documents/GitHub/SocialDeduction/Assets/TextMesh Pro/Examples &amp; Extras/Scripts/Benchmark04.cs" />
        <File uid="12" fullPath="C:/Users/William Brett/Documents/GitHub/SocialDeduction/Assets/TextMesh Pro/Examples &amp; Extras/Scripts/CameraController.cs" />
        <File uid="13" fullPath="C:/Users/William Brett/Documents/GitHub/SocialDeduction/Assets/TextMesh Pro/Examples &amp; Extras/Scripts/ObjectSpin.cs" />
        <File uid="14" fullPath="C:/Users/William Brett/Documents/GitHub/SocialDeduction/Assets/TextMesh Pro/Examples &amp; Extras/Scripts/ShaderPropAnimator.cs" />
        <File uid="15" fullPath="C:/Users/William Brett/Documents/GitHub/SocialDeduction/Assets/TextMesh Pro/Examples &amp; Extras/Scripts/SimpleScript.cs" />
        <File uid="16" fullPath="C:/Users/William Brett/Documents/GitHub/SocialDeduction/Assets/TextMesh Pro/Examples &amp; Extras/Scripts/SkewTextExample.cs" />
        <File uid="17" fullPath="C:/Users/William Brett/Documents/GitHub/SocialDeduction/Assets/TextMesh Pro/Examples &amp; Extras/Scripts/TeleType.cs" />
        <File uid="18" fullPath="C:/Users/William Brett/Documents/GitHub/SocialDeduction/Assets/TextMesh Pro/Examples &amp; Extras/Scripts/TextConsoleSimulator.cs" />
        <File uid="19" fullPath="C:/Users/William Brett/Documents/GitHub/SocialDeduction/Assets/TextMesh Pro/Examples &amp; Extras/Scripts/TextMeshProFloatingText.cs" />
        <File uid="20" fullPath="C:/Users/William Brett/Documents/GitHub/SocialDeduction/Assets/TextMesh Pro/Examples &amp; Extras/Scripts/TextMeshSpawner.cs" />
        <File uid="21" fullPath="C:/Users/William Brett/Documents/GitHub/SocialDeduction/Assets/TextMesh Pro/Examples &amp; Extras/Scripts/TMPro_InstructionOverlay.cs" />
        <File uid="22" fullPath="C:/Users/William Brett/Documents/GitHub/SocialDeduction/Assets/TextMesh Pro/Examples &amp; Extras/Scripts/TMP_ExampleScript_01.cs" />
        <File uid="23" fullPath="C:/Users/William Brett/Documents/GitHub/SocialDeduction/Assets/TextMesh Pro/Examples &amp; Extras/Scripts/TMP_FrameRateCounter.cs" />
        <File uid="24" fullPath="C:/Users/William Brett/Documents/GitHub/SocialDeduction/Assets/TextMesh Pro/Examples &amp; Extras/Scripts/TMP_TextEventCheck.cs" />
        <File uid="25" fullPath="C:/Users/William Brett/Documents/GitHub/SocialDeduction/Assets/TextMesh Pro/Examples &amp; Extras/Scripts/TMP_TextInfoDebugTool.cs" />
        <File uid="26" fullPath="C:/Users/William Brett/Documents/GitHub/SocialDeduction/Assets/TextMesh Pro/Examples &amp; Extras/Scripts/TMP_TextSelector_A.cs" />
        <File uid="27" fullPath="C:/Users/William Brett/Documents/GitHub/SocialDeduction/Assets/TextMesh Pro/Examples &amp; Extras/Scripts/TMP_TextSelector_B.cs" />
        <File uid="28" fullPath="C:/Users/William Brett/Documents/GitHub/SocialDeduction/Assets/TextMesh Pro/Examples &amp; Extras/Scripts/TMP_UiFrameRateCounter.cs" />
        <File uid="29" fullPath="C:/Users/William Brett/Documents/GitHub/SocialDeduction/Assets/TextMesh Pro/Examples &amp; Extras/Scripts/VertexColorCycler.cs" />
        <File uid="30" fullPath="C:/Users/William Brett/Documents/GitHub/SocialDeduction/Assets/TextMesh Pro/Examples &amp; Extras/Scripts/VertexJitter.cs" />
        <File uid="31" fullPath="C:/Users/William Brett/Documents/GitHub/SocialDeduction/Assets/TextMesh Pro/Examples &amp; Extras/Scripts/VertexShakeA.cs" />
        <File uid="32" fullPath="C:/Users/William Brett/Documents/GitHub/SocialDeduction/Assets/TextMesh Pro/Examples &amp; Extras/Scripts/VertexShakeB.cs" />
        <File uid="33" fullPath="C:/Users/William Brett/Documents/GitHub/SocialDeduction/Assets/TextMesh Pro/Examples &amp; Extras/Scripts/VertexZoom.cs" />
        <File uid="34" fullPath="C:/Users/William Brett/Documents/GitHub/SocialDeduction/Assets/TextMesh Pro/Examples &amp; Extras/Scripts/WarpTextExample.cs" />
      </Files>
      <Classes>
        <Class>
          <Summary numSequencePoints="19" visitedSequencePoints="0" numBranchPoints="0" visitedBranchPoints="0" sequenceCoverage="0.0" branchCoverage="0.0" maxCyclomaticComplexity="0" minCyclomaticComplexity="0" maxCrapScore="0" minCrapScore="0" visitedClasses="0" numClasses="1" visitedMethods="0" numMethods="3" />
          <FullName>ChatController</FullName>
          <Methods>
            <Method visited="false" cyclomaticComplexity="0" nPathComplexity="0" sequenceCoverage="0.0" branchCoverage="0" crapScore="0" isConstructor="false" isStatic="false" isGetter="false" isSetter="false">
              <Summary numSequencePoints="3" visitedSequencePoints="0" numBranchPoints="0" visitedBranchPoints="0" sequenceCoverage="0.0" branchCoverage="0" maxCyclomaticComplexity="0" minCyclomaticComplexity="0" maxCrapScore="0" minCrapScore="0" visitedClasses="0" numClasses="0" visitedMethods="0" numMethods="1" />
              <MetadataToken>100663297</MetadataToken>
              <Name>System.Void ChatController::OnEnable()</Name>
              <FileRef uid="1" />
              <SequencePoints>
                <SequencePoint vc="0" uspid="1" ordinal="0" offset="0" sl="15" sc="0" el="15" ec="0" bec="0" bev="0" fileid="1" />
                <SequencePoint vc="0" uspid="2" ordinal="0" offset="1" sl="16" sc="0" el="16" ec="0" bec="0" bev="0" fileid="1" />
                <SequencePoint vc="0" uspid="3" ordinal="0" offset="30" sl="17" sc="0" el="17" ec="0" bec="0" bev="0" fileid="1" />
              </SequencePoints>
              <BranchPoints />
            </Method>
            <Method visited="false" cyclomaticComplexity="0" nPathComplexity="0" sequenceCoverage="0.0" branchCoverage="0" crapScore="0" isConstructor="false" isStatic="false" isGetter="false" isSetter="false">
              <Summary numSequencePoints="3" visitedSequencePoints="0" numBranchPoints="0" visitedBranchPoints="0" sequenceCoverage="0.0" branchCoverage="0" maxCyclomaticComplexity="0" minCyclomaticComplexity="0" maxCrapScore="0" minCrapScore="0" visitedClasses="0" numClasses="0" visitedMethods="0" numMethods="1" />
              <MetadataToken>100663298</MetadataToken>
              <Name>System.Void ChatController::OnDisable()</Name>
              <FileRef uid="1" />
              <SequencePoints>
                <SequencePoint vc="0" uspid="4" ordinal="0" offset="0" sl="20" sc="0" el="20" ec="0" bec="0" bev="0" fileid="1" />
                <SequencePoint vc="0" uspid="5" ordinal="0" offset="1" sl="21" sc="0" el="21" ec="0" bec="0" bev="0" fileid="1" />
                <SequencePoint vc="0" uspid="6" ordinal="0" offset="30" sl="22" sc="0" el="22" ec="0" bec="0" bev="0" fileid="1" />
              </SequencePoints>
              <BranchPoints />
            </Method>
            <Method visited="false" cyclomaticComplexity="0" nPathComplexity="0" sequenceCoverage="0.0" branchCoverage="0" crapScore="0" isConstructor="false" isStatic="false" isGetter="false" isSetter="false">
              <Summary numSequencePoints="13" visitedSequencePoints="0" numBranchPoints="0" visitedBranchPoints="0" sequenceCoverage="0.0" branchCoverage="0" maxCyclomaticComplexity="0" minCyclomaticComplexity="0" maxCrapScore="0" minCrapScore="0" visitedClasses="0" numClasses="0" visitedMethods="0" numMethods="1" />
              <MetadataToken>100663299</MetadataToken>
              <Name>System.Void ChatController::AddToChatOutput(System.String)</Name>
              <FileRef uid="1" />
              <SequencePoints>
                <SequencePoint vc="0" uspid="7" ordinal="0" offset="0" sl="26" sc="0" el="26" ec="0" bec="0" bev="0" fileid="1" />
                <SequencePoint vc="0" uspid="8" ordinal="0" offset="1" sl="28" sc="0" el="28" ec="0" bec="0" bev="0" fileid="1" />
                <SequencePoint vc="0" uspid="9" ordinal="0" offset="18" sl="30" sc="0" el="30" ec="0" bec="0" bev="0" fileid="1" />
                <SequencePoint vc="0" uspid="10" ordinal="0" offset="24" sl="32" sc="0" el="32" ec="0" bec="0" bev="0" fileid="1" />
                <SequencePoint vc="0" uspid="11" ordinal="0" offset="141" sl="34" sc="0" el="34" ec="0" bec="0" bev="0" fileid="1" />
                <SequencePoint vc="0" uspid="12" ordinal="0" offset="157" sl="35" sc="0" el="35" ec="0" bec="0" bev="0" fileid="1" />
                <SequencePoint vc="0" uspid="13" ordinal="0" offset="158" sl="38" sc="0" el="38" ec="0" bec="0" bev="0" fileid="1" />
                <SequencePoint vc="0" uspid="14" ordinal="0" offset="185" sl="39" sc="0" el="39" ec="0" bec="0" bev="0" fileid="1" />
                <SequencePoint vc="0" uspid="15" ordinal="0" offset="200" sl="41" sc="0" el="41" ec="0" bec="0" bev="0" fileid="1" />
                <SequencePoint vc="0" uspid="16" ordinal="0" offset="229" sl="42" sc="0" el="42" ec="0" bec="0" bev="0" fileid="1" />
                <SequencePoint vc="0" uspid="17" ordinal="0" offset="230" sl="45" sc="0" el="45" ec="0" bec="0" bev="0" fileid="1" />
                <SequencePoint vc="0" uspid="18" ordinal="0" offset="242" sl="48" sc="0" el="48" ec="0" bec="0" bev="0" fileid="1" />
                <SequencePoint vc="0" uspid="19" ordinal="0" offset="259" sl="49" sc="0" el="49" ec="0" bec="0" bev="0" fileid="1" />
              </SequencePoints>
              <BranchPoints />
            </Method>
          </Methods>
        </Class>
        <Class>
          <Summary numSequencePoints="6" visitedSequencePoints="0" numBranchPoints="0" visitedBranchPoints="0" sequenceCoverage="0.0" branchCoverage="0.0" maxCyclomaticComplexity="0" minCyclomaticComplexity="0" maxCrapScore="0" minCrapScore="0" visitedClasses="0" numClasses="1" visitedMethods="0" numMethods="2" />
          <FullName>DropdownSample</FullName>
          <Methods>
            <Method visited="false" cyclomaticComplexity="0" nPathComplexity="0" sequenceCoverage="0.0" branchCoverage="0" crapScore="0" isConstructor="false" isStatic="false" isGetter="false" isSetter="false">
              <Summary numSequencePoints="3" visitedSequencePoints="0" numBranchPoints="0" visitedBranchPoints="0" sequenceCoverage="0.0" branchCoverage="0" maxCyclomaticComplexity="0" minCyclomaticComplexity="0" maxCrapScore="0" minCrapScore="0" visitedClasses="0" numClasses="0" visitedMethods="0" numMethods="1" />
              <MetadataToken>100663301</MetadataToken>
              <Name>System.Void DropdownSample::OnButtonClick()</Name>
              <FileRef uid="2" />
              <SequencePoints>
                <SequencePoint vc="0" uspid="20" ordinal="0" offset="0" sl="16" sc="0" el="16" ec="0" bec="0" bev="0" fileid="2" />
                <SequencePoint vc="0" uspid="21" ordinal="0" offset="1" sl="17" sc="0" el="17" ec="0" bec="0" bev="0" fileid="2" />
                <SequencePoint vc="0" uspid="22" ordinal="0" offset="87" sl="18" sc="0" el="18" ec="0" bec="0" bev="0" fileid="2" />
              </SequencePoints>
              <BranchPoints />
            </Method>
            <Method visited="false" cyclomaticComplexity="0" nPathComplexity="0" sequenceCoverage="0.0" branchCoverage="0" crapScore="0" isConstructor="true" isStatic="false" isGetter="false" isSetter="false">
              <Summary numSequencePoints="3" visitedSequencePoints="0" numBranchPoints="0" visitedBranchPoints="0" sequenceCoverage="0.0" branchCoverage="0" maxCyclomaticComplexity="0" minCyclomaticComplexity="0" maxCrapScore="0" minCrapScore="0" visitedClasses="0" numClasses="0" visitedMethods="0" numMethods="1" />
              <MetadataToken>100663302</MetadataToken>
              <Name>DropdownSample::DropdownSample()</Name>
              <FileRef uid="2" />
              <SequencePoints>
                <SequencePoint vc="0" uspid="23" ordinal="0" offset="0" sl="7" sc="0" el="7" ec="0" bec="0" bev="0" fileid="2" />
                <SequencePoint vc="0" uspid="24" ordinal="0" offset="7" sl="10" sc="0" el="10" ec="0" bec="0" bev="0" fileid="2" />
                <SequencePoint vc="0" uspid="25" ordinal="0" offset="14" sl="13" sc="0" el="13" ec="0" bec="0" bev="0" fileid="2" />
              </SequencePoints>
              <BranchPoints />
            </Method>
          </Methods>
        </Class>
        <Class>
          <Summary numSequencePoints="4" visitedSequencePoints="0" numBranchPoints="0" visitedBranchPoints="0" sequenceCoverage="0.0" branchCoverage="0.0" maxCyclomaticComplexity="0" minCyclomaticComplexity="0" maxCrapScore="0" minCrapScore="0" visitedClasses="0" numClasses="1" visitedMethods="0" numMethods="1" />
          <FullName>EnvMapAnimator</FullName>
          <Methods>
            <Method visited="false" cyclomaticComplexity="0" nPathComplexity="0" sequenceCoverage="0.0" branchCoverage="0" crapScore="0" isConstructor="false" isStatic="false" isGetter="false" isSetter="false">
              <Summary numSequencePoints="4" visitedSequencePoints="0" numBranchPoints="0" visitedBranchPoints="0" sequenceCoverage="0.0" branchCoverage="0" maxCyclomaticComplexity="0" minCyclomaticComplexity="0" maxCrapScore="0" minCrapScore="0" visitedClasses="0" numClasses="0" visitedMethods="0" numMethods="1" />
              <MetadataToken>100663303</MetadataToken>
              <Name>System.Void EnvMapAnimator::Awake()</Name>
              <FileRef uid="3" />
              <SequencePoints>
                <SequencePoint vc="0" uspid="26" ordinal="0" offset="0" sl="14" sc="0" el="14" ec="0" bec="0" bev="0" fileid="3" />
                <SequencePoint vc="0" uspid="27" ordinal="0" offset="1" sl="16" sc="0" el="16" ec="0" bec="0" bev="0" fileid="3" />
                <SequencePoint vc="0" uspid="28" ordinal="0" offset="13" sl="17" sc="0" el="17" ec="0" bec="0" bev="0" fileid="3" />
                <SequencePoint vc="0" uspid="29" ordinal="0" offset="30" sl="18" sc="0" el="18" ec="0" bec="0" bev="0" fileid="3" />
              </SequencePoints>
              <BranchPoints />
            </Method>
          </Methods>
        </Class>
        <Class>
          <Summary numSequencePoints="8" visitedSequencePoints="0" numBranchPoints="0" visitedBranchPoints="0" sequenceCoverage="0.0" branchCoverage="0.0" maxCyclomaticComplexity="0" minCyclomaticComplexity="0" maxCrapScore="0" minCrapScore="0" visitedClasses="0" numClasses="1" visitedMethods="0" numMethods="1" />
          <FullName>TMPro.TMP_DigitValidator</FullName>
          <Methods>
            <Method visited="false" cyclomaticComplexity="0" nPathComplexity="0" sequenceCoverage="0.0" branchCoverage="0" crapScore="0" isConstructor="false" isStatic="false" isGetter="false" isSetter="false">
              <Summary numSequencePoints="8" visitedSequencePoints="0" numBranchPoints="0" visitedBranchPoints="0" sequenceCoverage="0.0" branchCoverage="0" maxCyclomaticComplexity="0" minCyclomaticComplexity="0" maxCrapScore="0" minCrapScore="0" visitedClasses="0" numClasses="0" visitedMethods="0" numMethods="1" />
              <MetadataToken>100663306</MetadataToken>
              <Name>System.Char TMPro.TMP_DigitValidator::Validate(System.String&amp;, System.Int32&amp;, System.Char)</Name>
              <FileRef uid="4" />
              <SequencePoints>
                <SequencePoint vc="0" uspid="30" ordinal="0" offset="0" sl="16" sc="0" el="16" ec="0" bec="0" bev="0" fileid="4" />
                <SequencePoint vc="0" uspid="31" ordinal="0" offset="1" sl="17" sc="0" el="17" ec="0" bec="0" bev="0" fileid="4" />
                <SequencePoint vc="0" uspid="32" ordinal="0" offset="21" sl="18" sc="0" el="18" ec="0" bec="0" bev="0" fileid="4" />
                <SequencePoint vc="0" uspid="33" ordinal="0" offset="22" sl="19" sc="0" el="19" ec="0" bec="0" bev="0" fileid="4" />
                <SequencePoint vc="0" uspid="34" ordinal="0" offset="38" sl="20" sc="0" el="20" ec="0" bec="0" bev="0" fileid="4" />
                <SequencePoint vc="0" uspid="35" ordinal="0" offset="44" sl="21" sc="0" el="21" ec="0" bec="0" bev="0" fileid="4" />
                <SequencePoint vc="0" uspid="36" ordinal="0" offset="48" sl="24" sc="0" el="24" ec="0" bec="0" bev="0" fileid="4" />
                <SequencePoint vc="0" uspid="37" ordinal="0" offset="52" sl="25" sc="0" el="25" ec="0" bec="0" bev="0" fileid="4" />
              </SequencePoints>
              <BranchPoints />
            </Method>
          </Methods>
        </Class>
        <Class>
          <Summary numSequencePoints="69" visitedSequencePoints="0" numBranchPoints="0" visitedBranchPoints="0" sequenceCoverage="0.0" branchCoverage="0.0" maxCyclomaticComplexity="0" minCyclomaticComplexity="0" maxCrapScore="0" minCrapScore="0" visitedClasses="0" numClasses="1" visitedMethods="0" numMethods="1" />
          <FullName>TMPro.TMP_PhoneNumberValidator</FullName>
          <Methods>
            <Method visited="false" cyclomaticComplexity="0" nPathComplexity="0" sequenceCoverage="0.0" branchCoverage="0" crapScore="0" isConstructor="false" isStatic="false" isGetter="false" isSetter="false">
              <Summary numSequencePoints="69" visitedSequencePoints="0" numBranchPoints="0" visitedBranchPoints="0" sequenceCoverage="0.0" branchCoverage="0" maxCyclomaticComplexity="0" minCyclomaticComplexity="0" maxCrapScore="0" minCrapScore="0" visitedClasses="0" numClasses="0" visitedMethods="0" numMethods="1" />
              <MetadataToken>100663308</MetadataToken>
              <Name>System.Char TMPro.TMP_PhoneNumberValidator::Validate(System.String&amp;, System.Int32&amp;, System.Char)</Name>
              <FileRef uid="5" />
              <SequencePoints>
                <SequencePoint vc="0" uspid="38" ordinal="0" offset="0" sl="16" sc="0" el="16" ec="0" bec="0" bev="0" fileid="5" />
                <SequencePoint vc="0" uspid="39" ordinal="0" offset="1" sl="17" sc="0" el="17" ec="0" bec="0" bev="0" fileid="5" />
                <SequencePoint vc="0" uspid="40" ordinal="0" offset="12" sl="20" sc="0" el="20" ec="0" bec="0" bev="0" fileid="5" />
                <SequencePoint vc="0" uspid="41" ordinal="0" offset="29" sl="20" sc="0" el="20" ec="0" bec="0" bev="0" fileid="5" />
                <SequencePoint vc="0" uspid="42" ordinal="0" offset="36" sl="22" sc="0" el="22" ec="0" bec="0" bev="0" fileid="5" />
                <SequencePoint vc="0" uspid="43" ordinal="0" offset="44" sl="25" sc="0" el="25" ec="0" bec="0" bev="0" fileid="5" />
                <SequencePoint vc="0" uspid="44" ordinal="0" offset="51" sl="26" sc="0" el="26" ec="0" bec="0" bev="0" fileid="5" />
                <SequencePoint vc="0" uspid="45" ordinal="0" offset="52" sl="27" sc="0" el="27" ec="0" bec="0" bev="0" fileid="5" />
                <SequencePoint vc="0" uspid="46" ordinal="0" offset="127" sl="30" sc="0" el="30" ec="0" bec="0" bev="0" fileid="5" />
                <SequencePoint vc="0" uspid="47" ordinal="0" offset="137" sl="31" sc="0" el="31" ec="0" bec="0" bev="0" fileid="5" />
                <SequencePoint vc="0" uspid="48" ordinal="0" offset="156" sl="32" sc="0" el="32" ec="0" bec="0" bev="0" fileid="5" />
                <SequencePoint vc="0" uspid="49" ordinal="0" offset="159" sl="33" sc="0" el="33" ec="0" bec="0" bev="0" fileid="5" />
                <SequencePoint vc="0" uspid="50" ordinal="0" offset="164" sl="35" sc="0" el="35" ec="0" bec="0" bev="0" fileid="5" />
                <SequencePoint vc="0" uspid="51" ordinal="0" offset="174" sl="36" sc="0" el="36" ec="0" bec="0" bev="0" fileid="5" />
                <SequencePoint vc="0" uspid="52" ordinal="0" offset="190" sl="37" sc="0" el="37" ec="0" bec="0" bev="0" fileid="5" />
                <SequencePoint vc="0" uspid="53" ordinal="0" offset="193" sl="38" sc="0" el="38" ec="0" bec="0" bev="0" fileid="5" />
                <SequencePoint vc="0" uspid="54" ordinal="0" offset="198" sl="40" sc="0" el="40" ec="0" bec="0" bev="0" fileid="5" />
                <SequencePoint vc="0" uspid="55" ordinal="0" offset="208" sl="41" sc="0" el="41" ec="0" bec="0" bev="0" fileid="5" />
                <SequencePoint vc="0" uspid="56" ordinal="0" offset="224" sl="42" sc="0" el="42" ec="0" bec="0" bev="0" fileid="5" />
                <SequencePoint vc="0" uspid="57" ordinal="0" offset="227" sl="43" sc="0" el="43" ec="0" bec="0" bev="0" fileid="5" />
                <SequencePoint vc="0" uspid="58" ordinal="0" offset="232" sl="45" sc="0" el="45" ec="0" bec="0" bev="0" fileid="5" />
                <SequencePoint vc="0" uspid="59" ordinal="0" offset="242" sl="46" sc="0" el="46" ec="0" bec="0" bev="0" fileid="5" />
                <SequencePoint vc="0" uspid="60" ordinal="0" offset="263" sl="47" sc="0" el="47" ec="0" bec="0" bev="0" fileid="5" />
                <SequencePoint vc="0" uspid="61" ordinal="0" offset="266" sl="48" sc="0" el="48" ec="0" bec="0" bev="0" fileid="5" />
                <SequencePoint vc="0" uspid="62" ordinal="0" offset="271" sl="50" sc="0" el="50" ec="0" bec="0" bev="0" fileid="5" />
                <SequencePoint vc="0" uspid="63" ordinal="0" offset="281" sl="51" sc="0" el="51" ec="0" bec="0" bev="0" fileid="5" />
                <SequencePoint vc="0" uspid="64" ordinal="0" offset="302" sl="52" sc="0" el="52" ec="0" bec="0" bev="0" fileid="5" />
                <SequencePoint vc="0" uspid="65" ordinal="0" offset="305" sl="53" sc="0" el="53" ec="0" bec="0" bev="0" fileid="5" />
                <SequencePoint vc="0" uspid="66" ordinal="0" offset="310" sl="55" sc="0" el="55" ec="0" bec="0" bev="0" fileid="5" />
                <SequencePoint vc="0" uspid="67" ordinal="0" offset="320" sl="56" sc="0" el="56" ec="0" bec="0" bev="0" fileid="5" />
                <SequencePoint vc="0" uspid="68" ordinal="0" offset="341" sl="57" sc="0" el="57" ec="0" bec="0" bev="0" fileid="5" />
                <SequencePoint vc="0" uspid="69" ordinal="0" offset="344" sl="58" sc="0" el="58" ec="0" bec="0" bev="0" fileid="5" />
                <SequencePoint vc="0" uspid="70" ordinal="0" offset="349" sl="60" sc="0" el="60" ec="0" bec="0" bev="0" fileid="5" />
                <SequencePoint vc="0" uspid="71" ordinal="0" offset="359" sl="61" sc="0" el="61" ec="0" bec="0" bev="0" fileid="5" />
                <SequencePoint vc="0" uspid="72" ordinal="0" offset="375" sl="62" sc="0" el="62" ec="0" bec="0" bev="0" fileid="5" />
                <SequencePoint vc="0" uspid="73" ordinal="0" offset="378" sl="63" sc="0" el="63" ec="0" bec="0" bev="0" fileid="5" />
                <SequencePoint vc="0" uspid="74" ordinal="0" offset="383" sl="65" sc="0" el="65" ec="0" bec="0" bev="0" fileid="5" />
                <SequencePoint vc="0" uspid="75" ordinal="0" offset="393" sl="66" sc="0" el="66" ec="0" bec="0" bev="0" fileid="5" />
                <SequencePoint vc="0" uspid="76" ordinal="0" offset="409" sl="67" sc="0" el="67" ec="0" bec="0" bev="0" fileid="5" />
                <SequencePoint vc="0" uspid="77" ordinal="0" offset="412" sl="68" sc="0" el="68" ec="0" bec="0" bev="0" fileid="5" />
                <SequencePoint vc="0" uspid="78" ordinal="0" offset="417" sl="70" sc="0" el="70" ec="0" bec="0" bev="0" fileid="5" />
                <SequencePoint vc="0" uspid="79" ordinal="0" offset="427" sl="71" sc="0" el="71" ec="0" bec="0" bev="0" fileid="5" />
                <SequencePoint vc="0" uspid="80" ordinal="0" offset="448" sl="72" sc="0" el="72" ec="0" bec="0" bev="0" fileid="5" />
                <SequencePoint vc="0" uspid="81" ordinal="0" offset="452" sl="73" sc="0" el="73" ec="0" bec="0" bev="0" fileid="5" />
                <SequencePoint vc="0" uspid="82" ordinal="0" offset="457" sl="75" sc="0" el="75" ec="0" bec="0" bev="0" fileid="5" />
                <SequencePoint vc="0" uspid="83" ordinal="0" offset="467" sl="76" sc="0" el="76" ec="0" bec="0" bev="0" fileid="5" />
                <SequencePoint vc="0" uspid="84" ordinal="0" offset="488" sl="77" sc="0" el="77" ec="0" bec="0" bev="0" fileid="5" />
                <SequencePoint vc="0" uspid="85" ordinal="0" offset="492" sl="78" sc="0" el="78" ec="0" bec="0" bev="0" fileid="5" />
                <SequencePoint vc="0" uspid="86" ordinal="0" offset="497" sl="80" sc="0" el="80" ec="0" bec="0" bev="0" fileid="5" />
                <SequencePoint vc="0" uspid="87" ordinal="0" offset="507" sl="81" sc="0" el="81" ec="0" bec="0" bev="0" fileid="5" />
                <SequencePoint vc="0" uspid="88" ordinal="0" offset="523" sl="82" sc="0" el="82" ec="0" bec="0" bev="0" fileid="5" />
                <SequencePoint vc="0" uspid="89" ordinal="0" offset="527" sl="83" sc="0" el="83" ec="0" bec="0" bev="0" fileid="5" />
                <SequencePoint vc="0" uspid="90" ordinal="0" offset="529" sl="85" sc="0" el="85" ec="0" bec="0" bev="0" fileid="5" />
                <SequencePoint vc="0" uspid="91" ordinal="0" offset="539" sl="86" sc="0" el="86" ec="0" bec="0" bev="0" fileid="5" />
                <SequencePoint vc="0" uspid="92" ordinal="0" offset="555" sl="87" sc="0" el="87" ec="0" bec="0" bev="0" fileid="5" />
                <SequencePoint vc="0" uspid="93" ordinal="0" offset="559" sl="88" sc="0" el="88" ec="0" bec="0" bev="0" fileid="5" />
                <SequencePoint vc="0" uspid="94" ordinal="0" offset="561" sl="90" sc="0" el="90" ec="0" bec="0" bev="0" fileid="5" />
                <SequencePoint vc="0" uspid="95" ordinal="0" offset="571" sl="91" sc="0" el="91" ec="0" bec="0" bev="0" fileid="5" />
                <SequencePoint vc="0" uspid="96" ordinal="0" offset="587" sl="92" sc="0" el="92" ec="0" bec="0" bev="0" fileid="5" />
                <SequencePoint vc="0" uspid="97" ordinal="0" offset="591" sl="93" sc="0" el="93" ec="0" bec="0" bev="0" fileid="5" />
                <SequencePoint vc="0" uspid="98" ordinal="0" offset="593" sl="95" sc="0" el="95" ec="0" bec="0" bev="0" fileid="5" />
                <SequencePoint vc="0" uspid="99" ordinal="0" offset="603" sl="96" sc="0" el="96" ec="0" bec="0" bev="0" fileid="5" />
                <SequencePoint vc="0" uspid="100" ordinal="0" offset="619" sl="97" sc="0" el="97" ec="0" bec="0" bev="0" fileid="5" />
                <SequencePoint vc="0" uspid="101" ordinal="0" offset="623" sl="98" sc="0" el="98" ec="0" bec="0" bev="0" fileid="5" />
                <SequencePoint vc="0" uspid="102" ordinal="0" offset="625" sl="100" sc="0" el="100" ec="0" bec="0" bev="0" fileid="5" />
                <SequencePoint vc="0" uspid="103" ordinal="0" offset="626" sl="25" sc="0" el="25" ec="0" bec="0" bev="0" fileid="5" />
                <SequencePoint vc="0" uspid="104" ordinal="0" offset="630" sl="25" sc="0" el="25" ec="0" bec="0" bev="0" fileid="5" />
                <SequencePoint vc="0" uspid="105" ordinal="0" offset="645" sl="102" sc="0" el="102" ec="0" bec="0" bev="0" fileid="5" />
                <SequencePoint vc="0" uspid="106" ordinal="0" offset="649" sl="103" sc="0" el="103" ec="0" bec="0" bev="0" fileid="5" />
              </SequencePoints>
              <BranchPoints />
            </Method>
          </Methods>
        </Class>
        <Class>
          <Summary numSequencePoints="129" visitedSequencePoints="0" numBranchPoints="0" visitedBranchPoints="0" sequenceCoverage="0.0" branchCoverage="0.0" maxCyclomaticComplexity="0" minCyclomaticComplexity="0" maxCrapScore="0" minCrapScore="0" visitedClasses="0" numClasses="1" visitedMethods="0" numMethods="20" />
          <FullName>TMPro.TMP_TextEventHandler</FullName>
          <Methods>
            <Method visited="false" cyclomaticComplexity="0" nPathComplexity="0" sequenceCoverage="0.0" branchCoverage="0" crapScore="0" isConstructor="false" isStatic="false" isGetter="true" isSetter="false">
              <Summary numSequencePoints="3" visitedSequencePoints="0" numBranchPoints="0" visitedBranchPoints="0" sequenceCoverage="0.0" branchCoverage="0" maxCyclomaticComplexity="0" minCyclomaticComplexity="0" maxCrapScore="0" minCrapScore="0" visitedClasses="0" numClasses="0" visitedMethods="0" numMethods="1" />
              <MetadataToken>100663310</MetadataToken>
              <Name>TMPro.TMP_TextEventHandler/CharacterSelectionEvent TMPro.TMP_TextEventHandler::get_onCharacterSelection()</Name>
              <FileRef uid="6" />
              <SequencePoints>
                <SequencePoint vc="0" uspid="107" ordinal="0" offset="0" sl="33" sc="0" el="33" ec="0" bec="0" bev="0" fileid="6" />
                <SequencePoint vc="0" uspid="108" ordinal="0" offset="1" sl="33" sc="0" el="33" ec="0" bec="0" bev="0" fileid="6" />
                <SequencePoint vc="0" uspid="109" ordinal="0" offset="10" sl="33" sc="0" el="33" ec="0" bec="0" bev="0" fileid="6" />
              </SequencePoints>
              <BranchPoints />
            </Method>
            <Method visited="false" cyclomaticComplexity="0" nPathComplexity="0" sequenceCoverage="0.0" branchCoverage="0" crapScore="0" isConstructor="false" isStatic="false" isGetter="false" isSetter="true">
              <Summary numSequencePoints="3" visitedSequencePoints="0" numBranchPoints="0" visitedBranchPoints="0" sequenceCoverage="0.0" branchCoverage="0" maxCyclomaticComplexity="0" minCyclomaticComplexity="0" maxCrapScore="0" minCrapScore="0" visitedClasses="0" numClasses="0" visitedMethods="0" numMethods="1" />
              <MetadataToken>100663311</MetadataToken>
              <Name>System.Void TMPro.TMP_TextEventHandler::set_onCharacterSelection(TMPro.TMP_TextEventHandler/CharacterSelectionEvent)</Name>
              <FileRef uid="6" />
              <SequencePoints>
                <SequencePoint vc="0" uspid="110" ordinal="0" offset="0" sl="34" sc="0" el="34" ec="0" bec="0" bev="0" fileid="6" />
                <SequencePoint vc="0" uspid="111" ordinal="0" offset="1" sl="34" sc="0" el="34" ec="0" bec="0" bev="0" fileid="6" />
                <SequencePoint vc="0" uspid="112" ordinal="0" offset="8" sl="34" sc="0" el="34" ec="0" bec="0" bev="0" fileid="6" />
              </SequencePoints>
              <BranchPoints />
            </Method>
            <Method visited="false" cyclomaticComplexity="0" nPathComplexity="0" sequenceCoverage="0.0" branchCoverage="0" crapScore="0" isConstructor="false" isStatic="false" isGetter="true" isSetter="false">
              <Summary numSequencePoints="3" visitedSequencePoints="0" numBranchPoints="0" visitedBranchPoints="0" sequenceCoverage="0.0" branchCoverage="0" maxCyclomaticComplexity="0" minCyclomaticComplexity="0" maxCrapScore="0" minCrapScore="0" visitedClasses="0" numClasses="0" visitedMethods="0" numMethods="1" />
              <MetadataToken>100663312</MetadataToken>
              <Name>TMPro.TMP_TextEventHandler/SpriteSelectionEvent TMPro.TMP_TextEventHandler::get_onSpriteSelection()</Name>
              <FileRef uid="6" />
              <SequencePoints>
                <SequencePoint vc="0" uspid="113" ordinal="0" offset="0" sl="45" sc="0" el="45" ec="0" bec="0" bev="0" fileid="6" />
                <SequencePoint vc="0" uspid="114" ordinal="0" offset="1" sl="45" sc="0" el="45" ec="0" bec="0" bev="0" fileid="6" />
                <SequencePoint vc="0" uspid="115" ordinal="0" offset="10" sl="45" sc="0" el="45" ec="0" bec="0" bev="0" fileid="6" />
              </SequencePoints>
              <BranchPoints />
            </Method>
            <Method visited="false" cyclomaticComplexity="0" nPathComplexity="0" sequenceCoverage="0.0" branchCoverage="0" crapScore="0" isConstructor="false" isStatic="false" isGetter="false" isSetter="true">
              <Summary numSequencePoints="3" visitedSequencePoints="0" numBranchPoints="0" visitedBranchPoints="0" sequenceCoverage="0.0" branchCoverage="0" maxCyclomaticComplexity="0" minCyclomaticComplexity="0" maxCrapScore="0" minCrapScore="0" visitedClasses="0" numClasses="0" visitedMethods="0" numMethods="1" />
              <MetadataToken>100663313</MetadataToken>
              <Name>System.Void TMPro.TMP_TextEventHandler::set_onSpriteSelection(TMPro.TMP_TextEventHandler/SpriteSelectionEvent)</Name>
              <FileRef uid="6" />
              <SequencePoints>
                <SequencePoint vc="0" uspid="116" ordinal="0" offset="0" sl="46" sc="0" el="46" ec="0" bec="0" bev="0" fileid="6" />
                <SequencePoint vc="0" uspid="117" ordinal="0" offset="1" sl="46" sc="0" el="46" ec="0" bec="0" bev="0" fileid="6" />
                <SequencePoint vc="0" uspid="118" ordinal="0" offset="8" sl="46" sc="0" el="46" ec="0" bec="0" bev="0" fileid="6" />
              </SequencePoints>
              <BranchPoints />
            </Method>
            <Method visited="false" cyclomaticComplexity="0" nPathComplexity="0" sequenceCoverage="0.0" branchCoverage="0" crapScore="0" isConstructor="false" isStatic="false" isGetter="true" isSetter="false">
              <Summary numSequencePoints="3" visitedSequencePoints="0" numBranchPoints="0" visitedBranchPoints="0" sequenceCoverage="0.0" branchCoverage="0" maxCyclomaticComplexity="0" minCyclomaticComplexity="0" maxCrapScore="0" minCrapScore="0" visitedClasses="0" numClasses="0" visitedMethods="0" numMethods="1" />
              <MetadataToken>100663314</MetadataToken>
              <Name>TMPro.TMP_TextEventHandler/WordSelectionEvent TMPro.TMP_TextEventHandler::get_onWordSelection()</Name>
              <FileRef uid="6" />
              <SequencePoints>
                <SequencePoint vc="0" uspid="119" ordinal="0" offset="0" sl="57" sc="0" el="57" ec="0" bec="0" bev="0" fileid="6" />
                <SequencePoint vc="0" uspid="120" ordinal="0" offset="1" sl="57" sc="0" el="57" ec="0" bec="0" bev="0" fileid="6" />
                <SequencePoint vc="0" uspid="121" ordinal="0" offset="10" sl="57" sc="0" el="57" ec="0" bec="0" bev="0" fileid="6" />
              </SequencePoints>
              <BranchPoints />
            </Method>
            <Method visited="false" cyclomaticComplexity="0" nPathComplexity="0" sequenceCoverage="0.0" branchCoverage="0" crapScore="0" isConstructor="false" isStatic="false" isGetter="false" isSetter="true">
              <Summary numSequencePoints="3" visitedSequencePoints="0" numBranchPoints="0" visitedBranchPoints="0" sequenceCoverage="0.0" branchCoverage="0" maxCyclomaticComplexity="0" minCyclomaticComplexity="0" maxCrapScore="0" minCrapScore="0" visitedClasses="0" numClasses="0" visitedMethods="0" numMethods="1" />
              <MetadataToken>100663315</MetadataToken>
              <Name>System.Void TMPro.TMP_TextEventHandler::set_onWordSelection(TMPro.TMP_TextEventHandler/WordSelectionEvent)</Name>
              <FileRef uid="6" />
              <SequencePoints>
                <SequencePoint vc="0" uspid="122" ordinal="0" offset="0" sl="58" sc="0" el="58" ec="0" bec="0" bev="0" fileid="6" />
                <SequencePoint vc="0" uspid="123" ordinal="0" offset="1" sl="58" sc="0" el="58" ec="0" bec="0" bev="0" fileid="6" />
                <SequencePoint vc="0" uspid="124" ordinal="0" offset="8" sl="58" sc="0" el="58" ec="0" bec="0" bev="0" fileid="6" />
              </SequencePoints>
              <BranchPoints />
            </Method>
            <Method visited="false" cyclomaticComplexity="0" nPathComplexity="0" sequenceCoverage="0.0" branchCoverage="0" crapScore="0" isConstructor="false" isStatic="false" isGetter="true" isSetter="false">
              <Summary numSequencePoints="3" visitedSequencePoints="0" numBranchPoints="0" visitedBranchPoints="0" sequenceCoverage="0.0" branchCoverage="0" maxCyclomaticComplexity="0" minCyclomaticComplexity="0" maxCrapScore="0" minCrapScore="0" visitedClasses="0" numClasses="0" visitedMethods="0" numMethods="1" />
              <MetadataToken>100663316</MetadataToken>
              <Name>TMPro.TMP_TextEventHandler/LineSelectionEvent TMPro.TMP_TextEventHandler::get_onLineSelection()</Name>
              <FileRef uid="6" />
              <SequencePoints>
                <SequencePoint vc="0" uspid="125" ordinal="0" offset="0" sl="69" sc="0" el="69" ec="0" bec="0" bev="0" fileid="6" />
                <SequencePoint vc="0" uspid="126" ordinal="0" offset="1" sl="69" sc="0" el="69" ec="0" bec="0" bev="0" fileid="6" />
                <SequencePoint vc="0" uspid="127" ordinal="0" offset="10" sl="69" sc="0" el="69" ec="0" bec="0" bev="0" fileid="6" />
              </SequencePoints>
              <BranchPoints />
            </Method>
            <Method visited="false" cyclomaticComplexity="0" nPathComplexity="0" sequenceCoverage="0.0" branchCoverage="0" crapScore="0" isConstructor="false" isStatic="false" isGetter="false" isSetter="true">
              <Summary numSequencePoints="3" visitedSequencePoints="0" numBranchPoints="0" visitedBranchPoints="0" sequenceCoverage="0.0" branchCoverage="0" maxCyclomaticComplexity="0" minCyclomaticComplexity="0" maxCrapScore="0" minCrapScore="0" visitedClasses="0" numClasses="0" visitedMethods="0" numMethods="1" />
              <MetadataToken>100663317</MetadataToken>
              <Name>System.Void TMPro.TMP_TextEventHandler::set_onLineSelection(TMPro.TMP_TextEventHandler/LineSelectionEvent)</Name>
              <FileRef uid="6" />
              <SequencePoints>
                <SequencePoint vc="0" uspid="128" ordinal="0" offset="0" sl="70" sc="0" el="70" ec="0" bec="0" bev="0" fileid="6" />
                <SequencePoint vc="0" uspid="129" ordinal="0" offset="1" sl="70" sc="0" el="70" ec="0" bec="0" bev="0" fileid="6" />
                <SequencePoint vc="0" uspid="130" ordinal="0" offset="8" sl="70" sc="0" el="70" ec="0" bec="0" bev="0" fileid="6" />
              </SequencePoints>
              <BranchPoints />
            </Method>
            <Method visited="false" cyclomaticComplexity="0" nPathComplexity="0" sequenceCoverage="0.0" branchCoverage="0" crapScore="0" isConstructor="false" isStatic="false" isGetter="true" isSetter="false">
              <Summary numSequencePoints="3" visitedSequencePoints="0" numBranchPoints="0" visitedBranchPoints="0" sequenceCoverage="0.0" branchCoverage="0" maxCyclomaticComplexity="0" minCyclomaticComplexity="0" maxCrapScore="0" minCrapScore="0" visitedClasses="0" numClasses="0" visitedMethods="0" numMethods="1" />
              <MetadataToken>100663318</MetadataToken>
              <Name>TMPro.TMP_TextEventHandler/LinkSelectionEvent TMPro.TMP_TextEventHandler::get_onLinkSelection()</Name>
              <FileRef uid="6" />
              <SequencePoints>
                <SequencePoint vc="0" uspid="131" ordinal="0" offset="0" sl="81" sc="0" el="81" ec="0" bec="0" bev="0" fileid="6" />
                <SequencePoint vc="0" uspid="132" ordinal="0" offset="1" sl="81" sc="0" el="81" ec="0" bec="0" bev="0" fileid="6" />
                <SequencePoint vc="0" uspid="133" ordinal="0" offset="10" sl="81" sc="0" el="81" ec="0" bec="0" bev="0" fileid="6" />
              </SequencePoints>
              <BranchPoints />
            </Method>
            <Method visited="false" cyclomaticComplexity="0" nPathComplexity="0" sequenceCoverage="0.0" branchCoverage="0" crapScore="0" isConstructor="false" isStatic="false" isGetter="false" isSetter="true">
              <Summary numSequencePoints="3" visitedSequencePoints="0" numBranchPoints="0" visitedBranchPoints="0" sequenceCoverage="0.0" branchCoverage="0" maxCyclomaticComplexity="0" minCyclomaticComplexity="0" maxCrapScore="0" minCrapScore="0" visitedClasses="0" numClasses="0" visitedMethods="0" numMethods="1" />
              <MetadataToken>100663319</MetadataToken>
              <Name>System.Void TMPro.TMP_TextEventHandler::set_onLinkSelection(TMPro.TMP_TextEventHandler/LinkSelectionEvent)</Name>
              <FileRef uid="6" />
              <SequencePoints>
                <SequencePoint vc="0" uspid="134" ordinal="0" offset="0" sl="82" sc="0" el="82" ec="0" bec="0" bev="0" fileid="6" />
                <SequencePoint vc="0" uspid="135" ordinal="0" offset="1" sl="82" sc="0" el="82" ec="0" bec="0" bev="0" fileid="6" />
                <SequencePoint vc="0" uspid="136" ordinal="0" offset="8" sl="82" sc="0" el="82" ec="0" bec="0" bev="0" fileid="6" />
              </SequencePoints>
              <BranchPoints />
            </Method>
            <Method visited="false" cyclomaticComplexity="0" nPathComplexity="0" sequenceCoverage="0.0" branchCoverage="0" crapScore="0" isConstructor="false" isStatic="false" isGetter="false" isSetter="false">
              <Summary numSequencePoints="16" visitedSequencePoints="0" numBranchPoints="0" visitedBranchPoints="0" sequenceCoverage="0.0" branchCoverage="0" maxCyclomaticComplexity="0" minCyclomaticComplexity="0" maxCrapScore="0" minCrapScore="0" visitedClasses="0" numClasses="0" visitedMethods="0" numMethods="1" />
              <MetadataToken>100663320</MetadataToken>
              <Name>System.Void TMPro.TMP_TextEventHandler::Awake()</Name>
              <FileRef uid="6" />
              <SequencePoints>
                <SequencePoint vc="0" uspid="137" ordinal="0" offset="0" sl="100" sc="0" el="100" ec="0" bec="0" bev="0" fileid="6" />
                <SequencePoint vc="0" uspid="138" ordinal="0" offset="1" sl="102" sc="0" el="102" ec="0" bec="0" bev="0" fileid="6" />
                <SequencePoint vc="0" uspid="139" ordinal="0" offset="18" sl="105" sc="0" el="105" ec="0" bec="0" bev="0" fileid="6" />
                <SequencePoint vc="0" uspid="140" ordinal="0" offset="48" sl="106" sc="0" el="106" ec="0" bec="0" bev="0" fileid="6" />
                <SequencePoint vc="0" uspid="141" ordinal="0" offset="49" sl="107" sc="0" el="107" ec="0" bec="0" bev="0" fileid="6" />
                <SequencePoint vc="0" uspid="142" ordinal="0" offset="66" sl="108" sc="0" el="108" ec="0" bec="0" bev="0" fileid="6" />
                <SequencePoint vc="0" uspid="143" ordinal="0" offset="82" sl="109" sc="0" el="109" ec="0" bec="0" bev="0" fileid="6" />
                <SequencePoint vc="0" uspid="144" ordinal="0" offset="83" sl="110" sc="0" el="110" ec="0" bec="0" bev="0" fileid="6" />
                <SequencePoint vc="0" uspid="145" ordinal="0" offset="101" sl="111" sc="0" el="111" ec="0" bec="0" bev="0" fileid="6" />
                <SequencePoint vc="0" uspid="146" ordinal="0" offset="110" sl="113" sc="0" el="113" ec="0" bec="0" bev="0" fileid="6" />
                <SequencePoint vc="0" uspid="147" ordinal="0" offset="127" sl="114" sc="0" el="114" ec="0" bec="0" bev="0" fileid="6" />
                <SequencePoint vc="0" uspid="148" ordinal="0" offset="128" sl="115" sc="0" el="115" ec="0" bec="0" bev="0" fileid="6" />
                <SequencePoint vc="0" uspid="149" ordinal="0" offset="131" sl="117" sc="0" el="117" ec="0" bec="0" bev="0" fileid="6" />
                <SequencePoint vc="0" uspid="150" ordinal="0" offset="132" sl="118" sc="0" el="118" ec="0" bec="0" bev="0" fileid="6" />
                <SequencePoint vc="0" uspid="151" ordinal="0" offset="143" sl="119" sc="0" el="119" ec="0" bec="0" bev="0" fileid="6" />
                <SequencePoint vc="0" uspid="152" ordinal="0" offset="144" sl="120" sc="0" el="120" ec="0" bec="0" bev="0" fileid="6" />
              </SequencePoints>
              <BranchPoints />
            </Method>
            <Method visited="false" cyclomaticComplexity="0" nPathComplexity="0" sequenceCoverage="0.0" branchCoverage="0" crapScore="0" isConstructor="false" isStatic="false" isGetter="false" isSetter="false">
              <Summary numSequencePoints="50" visitedSequencePoints="0" numBranchPoints="0" visitedBranchPoints="0" sequenceCoverage="0.0" branchCoverage="0" maxCyclomaticComplexity="0" minCyclomaticComplexity="0" maxCrapScore="0" minCrapScore="0" visitedClasses="0" numClasses="0" visitedMethods="0" numMethods="1" />
              <MetadataToken>100663321</MetadataToken>
              <Name>System.Void TMPro.TMP_TextEventHandler::LateUpdate()</Name>
              <FileRef uid="6" />
              <SequencePoints>
                <SequencePoint vc="0" uspid="153" ordinal="0" offset="0" sl="124" sc="0" el="124" ec="0" bec="0" bev="0" fileid="6" />
                <SequencePoint vc="0" uspid="154" ordinal="0" offset="1" sl="125" sc="0" el="125" ec="0" bec="0" bev="0" fileid="6" />
                <SequencePoint vc="0" uspid="155" ordinal="0" offset="35" sl="126" sc="0" el="126" ec="0" bec="0" bev="0" fileid="6" />
                <SequencePoint vc="0" uspid="156" ordinal="0" offset="36" sl="128" sc="0" el="128" ec="0" bec="0" bev="0" fileid="6" />
                <SequencePoint vc="0" uspid="157" ordinal="0" offset="60" sl="129" sc="0" el="129" ec="0" bec="0" bev="0" fileid="6" />
                <SequencePoint vc="0" uspid="158" ordinal="0" offset="88" sl="130" sc="0" el="130" ec="0" bec="0" bev="0" fileid="6" />
                <SequencePoint vc="0" uspid="159" ordinal="0" offset="89" sl="131" sc="0" el="131" ec="0" bec="0" bev="0" fileid="6" />
                <SequencePoint vc="0" uspid="160" ordinal="0" offset="96" sl="133" sc="0" el="133" ec="0" bec="0" bev="0" fileid="6" />
                <SequencePoint vc="0" uspid="161" ordinal="0" offset="125" sl="136" sc="0" el="136" ec="0" bec="0" bev="0" fileid="6" />
                <SequencePoint vc="0" uspid="162" ordinal="0" offset="136" sl="137" sc="0" el="137" ec="0" bec="0" bev="0" fileid="6" />
                <SequencePoint vc="0" uspid="163" ordinal="0" offset="173" sl="138" sc="0" el="138" ec="0" bec="0" bev="0" fileid="6" />
                <SequencePoint vc="0" uspid="164" ordinal="0" offset="184" sl="139" sc="0" el="139" ec="0" bec="0" bev="0" fileid="6" />
                <SequencePoint vc="0" uspid="165" ordinal="0" offset="219" sl="140" sc="0" el="140" ec="0" bec="0" bev="0" fileid="6" />
                <SequencePoint vc="0" uspid="166" ordinal="0" offset="220" sl="146" sc="0" el="146" ec="0" bec="0" bev="0" fileid="6" />
                <SequencePoint vc="0" uspid="167" ordinal="0" offset="243" sl="147" sc="0" el="147" ec="0" bec="0" bev="0" fileid="6" />
                <SequencePoint vc="0" uspid="168" ordinal="0" offset="268" sl="148" sc="0" el="148" ec="0" bec="0" bev="0" fileid="6" />
                <SequencePoint vc="0" uspid="169" ordinal="0" offset="269" sl="149" sc="0" el="149" ec="0" bec="0" bev="0" fileid="6" />
                <SequencePoint vc="0" uspid="170" ordinal="0" offset="276" sl="152" sc="0" el="152" ec="0" bec="0" bev="0" fileid="6" />
                <SequencePoint vc="0" uspid="171" ordinal="0" offset="300" sl="155" sc="0" el="155" ec="0" bec="0" bev="0" fileid="6" />
                <SequencePoint vc="0" uspid="172" ordinal="0" offset="328" sl="156" sc="0" el="156" ec="0" bec="0" bev="0" fileid="6" />
                <SequencePoint vc="0" uspid="173" ordinal="0" offset="329" sl="162" sc="0" el="162" ec="0" bec="0" bev="0" fileid="6" />
                <SequencePoint vc="0" uspid="174" ordinal="0" offset="352" sl="163" sc="0" el="163" ec="0" bec="0" bev="0" fileid="6" />
                <SequencePoint vc="0" uspid="175" ordinal="0" offset="380" sl="164" sc="0" el="164" ec="0" bec="0" bev="0" fileid="6" />
                <SequencePoint vc="0" uspid="176" ordinal="0" offset="381" sl="165" sc="0" el="165" ec="0" bec="0" bev="0" fileid="6" />
                <SequencePoint vc="0" uspid="177" ordinal="0" offset="388" sl="168" sc="0" el="168" ec="0" bec="0" bev="0" fileid="6" />
                <SequencePoint vc="0" uspid="178" ordinal="0" offset="412" sl="171" sc="0" el="171" ec="0" bec="0" bev="0" fileid="6" />
                <SequencePoint vc="0" uspid="179" ordinal="0" offset="426" sl="172" sc="0" el="172" ec="0" bec="0" bev="0" fileid="6" />
                <SequencePoint vc="0" uspid="180" ordinal="0" offset="431" sl="173" sc="0" el="173" ec="0" bec="0" bev="0" fileid="6" />
                <SequencePoint vc="0" uspid="181" ordinal="0" offset="432" sl="174" sc="0" el="174" ec="0" bec="0" bev="0" fileid="6" />
                <SequencePoint vc="0" uspid="182" ordinal="0" offset="473" sl="175" sc="0" el="175" ec="0" bec="0" bev="0" fileid="6" />
                <SequencePoint vc="0" uspid="183" ordinal="0" offset="474" sl="172" sc="0" el="172" ec="0" bec="0" bev="0" fileid="6" />
                <SequencePoint vc="0" uspid="184" ordinal="0" offset="480" sl="172" sc="0" el="172" ec="0" bec="0" bev="0" fileid="6" />
                <SequencePoint vc="0" uspid="185" ordinal="0" offset="522" sl="177" sc="0" el="177" ec="0" bec="0" bev="0" fileid="6" />
                <SequencePoint vc="0" uspid="186" ordinal="0" offset="531" sl="178" sc="0" el="178" ec="0" bec="0" bev="0" fileid="6" />
                <SequencePoint vc="0" uspid="187" ordinal="0" offset="554" sl="179" sc="0" el="179" ec="0" bec="0" bev="0" fileid="6" />
                <SequencePoint vc="0" uspid="188" ordinal="0" offset="555" sl="185" sc="0" el="185" ec="0" bec="0" bev="0" fileid="6" />
                <SequencePoint vc="0" uspid="189" ordinal="0" offset="579" sl="188" sc="0" el="188" ec="0" bec="0" bev="0" fileid="6" />
                <SequencePoint vc="0" uspid="190" ordinal="0" offset="606" sl="189" sc="0" el="189" ec="0" bec="0" bev="0" fileid="6" />
                <SequencePoint vc="0" uspid="191" ordinal="0" offset="607" sl="190" sc="0" el="190" ec="0" bec="0" bev="0" fileid="6" />
                <SequencePoint vc="0" uspid="192" ordinal="0" offset="615" sl="193" sc="0" el="193" ec="0" bec="0" bev="0" fileid="6" />
                <SequencePoint vc="0" uspid="193" ordinal="0" offset="640" sl="196" sc="0" el="196" ec="0" bec="0" bev="0" fileid="6" />
                <SequencePoint vc="0" uspid="194" ordinal="0" offset="663" sl="197" sc="0" el="197" ec="0" bec="0" bev="0" fileid="6" />
                <SequencePoint vc="0" uspid="195" ordinal="0" offset="664" sl="199" sc="0" el="199" ec="0" bec="0" bev="0" fileid="6" />
                <SequencePoint vc="0" uspid="196" ordinal="0" offset="667" sl="201" sc="0" el="201" ec="0" bec="0" bev="0" fileid="6" />
                <SequencePoint vc="0" uspid="197" ordinal="0" offset="668" sl="203" sc="0" el="203" ec="0" bec="0" bev="0" fileid="6" />
                <SequencePoint vc="0" uspid="198" ordinal="0" offset="675" sl="204" sc="0" el="204" ec="0" bec="0" bev="0" fileid="6" />
                <SequencePoint vc="0" uspid="199" ordinal="0" offset="682" sl="205" sc="0" el="205" ec="0" bec="0" bev="0" fileid="6" />
                <SequencePoint vc="0" uspid="200" ordinal="0" offset="689" sl="206" sc="0" el="206" ec="0" bec="0" bev="0" fileid="6" />
                <SequencePoint vc="0" uspid="201" ordinal="0" offset="696" sl="207" sc="0" el="207" ec="0" bec="0" bev="0" fileid="6" />
                <SequencePoint vc="0" uspid="202" ordinal="0" offset="697" sl="208" sc="0" el="208" ec="0" bec="0" bev="0" fileid="6" />
              </SequencePoints>
              <BranchPoints />
            </Method>
            <Method visited="false" cyclomaticComplexity="0" nPathComplexity="0" sequenceCoverage="0.0" branchCoverage="0" crapScore="0" isConstructor="false" isStatic="false" isGetter="false" isSetter="false">
              <Summary numSequencePoints="2" visitedSequencePoints="0" numBranchPoints="0" visitedBranchPoints="0" sequenceCoverage="0.0" branchCoverage="0" maxCyclomaticComplexity="0" minCyclomaticComplexity="0" maxCrapScore="0" minCrapScore="0" visitedClasses="0" numClasses="0" visitedMethods="0" numMethods="1" />
              <MetadataToken>100663322</MetadataToken>
              <Name>System.Void TMPro.TMP_TextEventHandler::OnPointerEnter(UnityEngine.EventSystems.PointerEventData)</Name>
              <FileRef uid="6" />
              <SequencePoints>
                <SequencePoint vc="0" uspid="203" ordinal="0" offset="0" sl="212" sc="0" el="212" ec="0" bec="0" bev="0" fileid="6" />
                <SequencePoint vc="0" uspid="204" ordinal="0" offset="1" sl="214" sc="0" el="214" ec="0" bec="0" bev="0" fileid="6" />
              </SequencePoints>
              <BranchPoints />
            </Method>
            <Method visited="false" cyclomaticComplexity="0" nPathComplexity="0" sequenceCoverage="0.0" branchCoverage="0" crapScore="0" isConstructor="false" isStatic="false" isGetter="false" isSetter="false">
              <Summary numSequencePoints="2" visitedSequencePoints="0" numBranchPoints="0" visitedBranchPoints="0" sequenceCoverage="0.0" branchCoverage="0" maxCyclomaticComplexity="0" minCyclomaticComplexity="0" maxCrapScore="0" minCrapScore="0" visitedClasses="0" numClasses="0" visitedMethods="0" numMethods="1" />
              <MetadataToken>100663323</MetadataToken>
              <Name>System.Void TMPro.TMP_TextEventHandler::OnPointerExit(UnityEngine.EventSystems.PointerEventData)</Name>
              <FileRef uid="6" />
              <SequencePoints>
                <SequencePoint vc="0" uspid="205" ordinal="0" offset="0" sl="218" sc="0" el="218" ec="0" bec="0" bev="0" fileid="6" />
                <SequencePoint vc="0" uspid="206" ordinal="0" offset="1" sl="220" sc="0" el="220" ec="0" bec="0" bev="0" fileid="6" />
              </SequencePoints>
              <BranchPoints />
            </Method>
            <Method visited="false" cyclomaticComplexity="0" nPathComplexity="0" sequenceCoverage="0.0" branchCoverage="0" crapScore="0" isConstructor="false" isStatic="false" isGetter="false" isSetter="false">
              <Summary numSequencePoints="4" visitedSequencePoints="0" numBranchPoints="0" visitedBranchPoints="0" sequenceCoverage="0.0" branchCoverage="0" maxCyclomaticComplexity="0" minCyclomaticComplexity="0" maxCrapScore="0" minCrapScore="0" visitedClasses="0" numClasses="0" visitedMethods="0" numMethods="1" />
              <MetadataToken>100663324</MetadataToken>
              <Name>System.Void TMPro.TMP_TextEventHandler::SendOnCharacterSelection(System.Char, System.Int32)</Name>
              <FileRef uid="6" />
              <SequencePoints>
                <SequencePoint vc="0" uspid="207" ordinal="0" offset="0" sl="224" sc="0" el="224" ec="0" bec="0" bev="0" fileid="6" />
                <SequencePoint vc="0" uspid="208" ordinal="0" offset="1" sl="225" sc="0" el="225" ec="0" bec="0" bev="0" fileid="6" />
                <SequencePoint vc="0" uspid="209" ordinal="0" offset="14" sl="226" sc="0" el="226" ec="0" bec="0" bev="0" fileid="6" />
                <SequencePoint vc="0" uspid="210" ordinal="0" offset="28" sl="227" sc="0" el="227" ec="0" bec="0" bev="0" fileid="6" />
              </SequencePoints>
              <BranchPoints />
            </Method>
            <Method visited="false" cyclomaticComplexity="0" nPathComplexity="0" sequenceCoverage="0.0" branchCoverage="0" crapScore="0" isConstructor="false" isStatic="false" isGetter="false" isSetter="false">
              <Summary numSequencePoints="4" visitedSequencePoints="0" numBranchPoints="0" visitedBranchPoints="0" sequenceCoverage="0.0" branchCoverage="0" maxCyclomaticComplexity="0" minCyclomaticComplexity="0" maxCrapScore="0" minCrapScore="0" visitedClasses="0" numClasses="0" visitedMethods="0" numMethods="1" />
              <MetadataToken>100663325</MetadataToken>
              <Name>System.Void TMPro.TMP_TextEventHandler::SendOnSpriteSelection(System.Char, System.Int32)</Name>
              <FileRef uid="6" />
              <SequencePoints>
                <SequencePoint vc="0" uspid="211" ordinal="0" offset="0" sl="230" sc="0" el="230" ec="0" bec="0" bev="0" fileid="6" />
                <SequencePoint vc="0" uspid="212" ordinal="0" offset="1" sl="231" sc="0" el="231" ec="0" bec="0" bev="0" fileid="6" />
                <SequencePoint vc="0" uspid="213" ordinal="0" offset="14" sl="232" sc="0" el="232" ec="0" bec="0" bev="0" fileid="6" />
                <SequencePoint vc="0" uspid="214" ordinal="0" offset="28" sl="233" sc="0" el="233" ec="0" bec="0" bev="0" fileid="6" />
              </SequencePoints>
              <BranchPoints />
            </Method>
            <Method visited="false" cyclomaticComplexity="0" nPathComplexity="0" sequenceCoverage="0.0" branchCoverage="0" crapScore="0" isConstructor="false" isStatic="false" isGetter="false" isSetter="false">
              <Summary numSequencePoints="4" visitedSequencePoints="0" numBranchPoints="0" visitedBranchPoints="0" sequenceCoverage="0.0" branchCoverage="0" maxCyclomaticComplexity="0" minCyclomaticComplexity="0" maxCrapScore="0" minCrapScore="0" visitedClasses="0" numClasses="0" visitedMethods="0" numMethods="1" />
              <MetadataToken>100663326</MetadataToken>
              <Name>System.Void TMPro.TMP_TextEventHandler::SendOnWordSelection(System.String, System.Int32, System.Int32)</Name>
              <FileRef uid="6" />
              <SequencePoints>
                <SequencePoint vc="0" uspid="215" ordinal="0" offset="0" sl="236" sc="0" el="236" ec="0" bec="0" bev="0" fileid="6" />
                <SequencePoint vc="0" uspid="216" ordinal="0" offset="1" sl="237" sc="0" el="237" ec="0" bec="0" bev="0" fileid="6" />
                <SequencePoint vc="0" uspid="217" ordinal="0" offset="14" sl="238" sc="0" el="238" ec="0" bec="0" bev="0" fileid="6" />
                <SequencePoint vc="0" uspid="218" ordinal="0" offset="29" sl="239" sc="0" el="239" ec="0" bec="0" bev="0" fileid="6" />
              </SequencePoints>
              <BranchPoints />
            </Method>
            <Method visited="false" cyclomaticComplexity="0" nPathComplexity="0" sequenceCoverage="0.0" branchCoverage="0" crapScore="0" isConstructor="false" isStatic="false" isGetter="false" isSetter="false">
              <Summary numSequencePoints="4" visitedSequencePoints="0" numBranchPoints="0" visitedBranchPoints="0" sequenceCoverage="0.0" branchCoverage="0" maxCyclomaticComplexity="0" minCyclomaticComplexity="0" maxCrapScore="0" minCrapScore="0" visitedClasses="0" numClasses="0" visitedMethods="0" numMethods="1" />
              <MetadataToken>100663327</MetadataToken>
              <Name>System.Void TMPro.TMP_TextEventHandler::SendOnLineSelection(System.String, System.Int32, System.Int32)</Name>
              <FileRef uid="6" />
              <SequencePoints>
                <SequencePoint vc="0" uspid="219" ordinal="0" offset="0" sl="242" sc="0" el="242" ec="0" bec="0" bev="0" fileid="6" />
                <SequencePoint vc="0" uspid="220" ordinal="0" offset="1" sl="243" sc="0" el="243" ec="0" bec="0" bev="0" fileid="6" />
                <SequencePoint vc="0" uspid="221" ordinal="0" offset="14" sl="244" sc="0" el="244" ec="0" bec="0" bev="0" fileid="6" />
                <SequencePoint vc="0" uspid="222" ordinal="0" offset="29" sl="245" sc="0" el="245" ec="0" bec="0" bev="0" fileid="6" />
              </SequencePoints>
              <BranchPoints />
            </Method>
            <Method visited="false" cyclomaticComplexity="0" nPathComplexity="0" sequenceCoverage="0.0" branchCoverage="0" crapScore="0" isConstructor="false" isStatic="false" isGetter="false" isSetter="false">
              <Summary numSequencePoints="4" visitedSequencePoints="0" numBranchPoints="0" visitedBranchPoints="0" sequenceCoverage="0.0" branchCoverage="0" maxCyclomaticComplexity="0" minCyclomaticComplexity="0" maxCrapScore="0" minCrapScore="0" visitedClasses="0" numClasses="0" visitedMethods="0" numMethods="1" />
              <MetadataToken>100663328</MetadataToken>
              <Name>System.Void TMPro.TMP_TextEventHandler::SendOnLinkSelection(System.String, System.String, System.Int32)</Name>
              <FileRef uid="6" />
              <SequencePoints>
                <SequencePoint vc="0" uspid="223" ordinal="0" offset="0" sl="248" sc="0" el="248" ec="0" bec="0" bev="0" fileid="6" />
                <SequencePoint vc="0" uspid="224" ordinal="0" offset="1" sl="249" sc="0" el="249" ec="0" bec="0" bev="0" fileid="6" />
                <SequencePoint vc="0" uspid="225" ordinal="0" offset="14" sl="250" sc="0" el="250" ec="0" bec="0" bev="0" fileid="6" />
                <SequencePoint vc="0" uspid="226" ordinal="0" offset="29" sl="251" sc="0" el="251" ec="0" bec="0" bev="0" fileid="6" />
              </SequencePoints>
              <BranchPoints />
            </Method>
            <Method visited="false" cyclomaticComplexity="0" nPathComplexity="0" sequenceCoverage="0.0" branchCoverage="0" crapScore="0" isConstructor="true" isStatic="false" isGetter="false" isSetter="false">
              <Summary numSequencePoints="9" visitedSequencePoints="0" numBranchPoints="0" visitedBranchPoints="0" sequenceCoverage="0.0" branchCoverage="0" maxCyclomaticComplexity="0" minCyclomaticComplexity="0" maxCrapScore="0" minCrapScore="0" visitedClasses="0" numClasses="0" visitedMethods="0" numMethods="1" />
              <MetadataToken>100663329</MetadataToken>
              <Name>TMPro.TMP_TextEventHandler::TMP_TextEventHandler()</Name>
              <FileRef uid="6" />
              <SequencePoints>
                <SequencePoint vc="0" uspid="227" ordinal="0" offset="0" sl="37" sc="0" el="37" ec="0" bec="0" bev="0" fileid="6" />
                <SequencePoint vc="0" uspid="228" ordinal="0" offset="11" sl="49" sc="0" el="49" ec="0" bec="0" bev="0" fileid="6" />
                <SequencePoint vc="0" uspid="229" ordinal="0" offset="22" sl="61" sc="0" el="61" ec="0" bec="0" bev="0" fileid="6" />
                <SequencePoint vc="0" uspid="230" ordinal="0" offset="33" sl="73" sc="0" el="73" ec="0" bec="0" bev="0" fileid="6" />
                <SequencePoint vc="0" uspid="231" ordinal="0" offset="44" sl="85" sc="0" el="85" ec="0" bec="0" bev="0" fileid="6" />
                <SequencePoint vc="0" uspid="232" ordinal="0" offset="55" sl="94" sc="0" el="94" ec="0" bec="0" bev="0" fileid="6" />
                <SequencePoint vc="0" uspid="233" ordinal="0" offset="62" sl="95" sc="0" el="95" ec="0" bec="0" bev="0" fileid="6" />
                <SequencePoint vc="0" uspid="234" ordinal="0" offset="69" sl="96" sc="0" el="96" ec="0" bec="0" bev="0" fileid="6" />
                <SequencePoint vc="0" uspid="235" ordinal="0" offset="76" sl="97" sc="0" el="97" ec="0" bec="0" bev="0" fileid="6" />
              </SequencePoints>
              <BranchPoints />
            </Method>
          </Methods>
        </Class>
        <Class>
          <Summary numSequencePoints="1" visitedSequencePoints="0" numBranchPoints="0" visitedBranchPoints="0" sequenceCoverage="0.0" branchCoverage="0.0" maxCyclomaticComplexity="0" minCyclomaticComplexity="0" maxCrapScore="0" minCrapScore="0" visitedClasses="0" numClasses="1" visitedMethods="0" numMethods="1" />
          <FullName>TMPro.Examples.Benchmark01</FullName>
          <Methods>
            <Method visited="false" cyclomaticComplexity="0" nPathComplexity="0" sequenceCoverage="0.0" branchCoverage="0" crapScore="0" isConstructor="true" isStatic="false" isGetter="false" isSetter="false">
              <Summary numSequencePoints="1" visitedSequencePoints="0" numBranchPoints="0" visitedBranchPoints="0" sequenceCoverage="0.0" branchCoverage="0" maxCyclomaticComplexity="0" minCyclomaticComplexity="0" maxCrapScore="0" minCrapScore="0" visitedClasses="0" numClasses="0" visitedMethods="0" numMethods="1" />
              <MetadataToken>100663331</MetadataToken>
              <Name>TMPro.Examples.Benchmark01::Benchmark01()</Name>
              <FileRef uid="7" />
              <SequencePoints>
                <SequencePoint vc="0" uspid="236" ordinal="0" offset="0" sl="11" sc="0" el="11" ec="0" bec="0" bev="0" fileid="7" />
              </SequencePoints>
              <BranchPoints />
            </Method>
          </Methods>
        </Class>
        <Class>
          <Summary numSequencePoints="1" visitedSequencePoints="0" numBranchPoints="0" visitedBranchPoints="0" sequenceCoverage="0.0" branchCoverage="0.0" maxCyclomaticComplexity="0" minCyclomaticComplexity="0" maxCrapScore="0" minCrapScore="0" visitedClasses="0" numClasses="1" visitedMethods="0" numMethods="1" />
          <FullName>TMPro.Examples.Benchmark01_UGUI</FullName>
          <Methods>
            <Method visited="false" cyclomaticComplexity="0" nPathComplexity="0" sequenceCoverage="0.0" branchCoverage="0" crapScore="0" isConstructor="true" isStatic="false" isGetter="false" isSetter="false">
              <Summary numSequencePoints="1" visitedSequencePoints="0" numBranchPoints="0" visitedBranchPoints="0" sequenceCoverage="0.0" branchCoverage="0" maxCyclomaticComplexity="0" minCyclomaticComplexity="0" maxCrapScore="0" minCrapScore="0" visitedClasses="0" numClasses="0" visitedMethods="0" numMethods="1" />
              <MetadataToken>100663333</MetadataToken>
              <Name>TMPro.Examples.Benchmark01_UGUI::Benchmark01_UGUI()</Name>
              <FileRef uid="8" />
              <SequencePoints>
                <SequencePoint vc="0" uspid="237" ordinal="0" offset="0" sl="12" sc="0" el="12" ec="0" bec="0" bev="0" fileid="8" />
              </SequencePoints>
              <BranchPoints />
            </Method>
          </Methods>
        </Class>
        <Class>
          <Summary numSequencePoints="56" visitedSequencePoints="0" numBranchPoints="0" visitedBranchPoints="0" sequenceCoverage="0.0" branchCoverage="0.0" maxCyclomaticComplexity="0" minCyclomaticComplexity="0" maxCrapScore="0" minCrapScore="0" visitedClasses="0" numClasses="1" visitedMethods="0" numMethods="2" />
          <FullName>TMPro.Examples.Benchmark02</FullName>
          <Methods>
            <Method visited="false" cyclomaticComplexity="0" nPathComplexity="0" sequenceCoverage="0.0" branchCoverage="0" crapScore="0" isConstructor="false" isStatic="false" isGetter="false" isSetter="false">
              <Summary numSequencePoints="54" visitedSequencePoints="0" numBranchPoints="0" visitedBranchPoints="0" sequenceCoverage="0.0" branchCoverage="0" maxCyclomaticComplexity="0" minCyclomaticComplexity="0" maxCrapScore="0" minCrapScore="0" visitedClasses="0" numClasses="0" visitedMethods="0" numMethods="1" />
              <MetadataToken>100663334</MetadataToken>
              <Name>System.Void TMPro.Examples.Benchmark02::Start()</Name>
              <FileRef uid="9" />
              <SequencePoints>
                <SequencePoint vc="0" uspid="238" ordinal="0" offset="0" sl="19" sc="0" el="19" ec="0" bec="0" bev="0" fileid="9" />
                <SequencePoint vc="0" uspid="239" ordinal="0" offset="1" sl="21" sc="0" el="21" ec="0" bec="0" bev="0" fileid="9" />
                <SequencePoint vc="0" uspid="240" ordinal="0" offset="8" sl="22" sc="0" el="22" ec="0" bec="0" bev="0" fileid="9" />
                <SequencePoint vc="0" uspid="241" ordinal="0" offset="9" sl="25" sc="0" el="25" ec="0" bec="0" bev="0" fileid="9" />
                <SequencePoint vc="0" uspid="242" ordinal="0" offset="25" sl="26" sc="0" el="26" ec="0" bec="0" bev="0" fileid="9" />
                <SequencePoint vc="0" uspid="243" ordinal="0" offset="26" sl="28" sc="0" el="28" ec="0" bec="0" bev="0" fileid="9" />
                <SequencePoint vc="0" uspid="244" ordinal="0" offset="32" sl="29" sc="0" el="29" ec="0" bec="0" bev="0" fileid="9" />
                <SequencePoint vc="0" uspid="245" ordinal="0" offset="84" sl="31" sc="0" el="31" ec="0" bec="0" bev="0" fileid="9" />
                <SequencePoint vc="0" uspid="246" ordinal="0" offset="91" sl="33" sc="0" el="33" ec="0" bec="0" bev="0" fileid="9" />
                <SequencePoint vc="0" uspid="247" ordinal="0" offset="99" sl="34" sc="0" el="34" ec="0" bec="0" bev="0" fileid="9" />
                <SequencePoint vc="0" uspid="248" ordinal="0" offset="126" sl="36" sc="0" el="36" ec="0" bec="0" bev="0" fileid="9" />
                <SequencePoint vc="0" uspid="249" ordinal="0" offset="138" sl="37" sc="0" el="37" ec="0" bec="0" bev="0" fileid="9" />
                <SequencePoint vc="0" uspid="250" ordinal="0" offset="150" sl="38" sc="0" el="38" ec="0" bec="0" bev="0" fileid="9" />
                <SequencePoint vc="0" uspid="251" ordinal="0" offset="158" sl="40" sc="0" el="40" ec="0" bec="0" bev="0" fileid="9" />
                <SequencePoint vc="0" uspid="252" ordinal="0" offset="191" sl="41" sc="0" el="41" ec="0" bec="0" bev="0" fileid="9" />
                <SequencePoint vc="0" uspid="253" ordinal="0" offset="203" sl="42" sc="0" el="42" ec="0" bec="0" bev="0" fileid="9" />
                <SequencePoint vc="0" uspid="254" ordinal="0" offset="216" sl="45" sc="0" el="45" ec="0" bec="0" bev="0" fileid="9" />
                <SequencePoint vc="0" uspid="255" ordinal="0" offset="228" sl="46" sc="0" el="46" ec="0" bec="0" bev="0" fileid="9" />
                <SequencePoint vc="0" uspid="256" ordinal="0" offset="240" sl="47" sc="0" el="47" ec="0" bec="0" bev="0" fileid="9" />
                <SequencePoint vc="0" uspid="257" ordinal="0" offset="257" sl="48" sc="0" el="48" ec="0" bec="0" bev="0" fileid="9" />
                <SequencePoint vc="0" uspid="258" ordinal="0" offset="263" sl="49" sc="0" el="49" ec="0" bec="0" bev="0" fileid="9" />
                <SequencePoint vc="0" uspid="259" ordinal="0" offset="281" sl="50" sc="0" el="50" ec="0" bec="0" bev="0" fileid="9" />
                <SequencePoint vc="0" uspid="260" ordinal="0" offset="282" sl="52" sc="0" el="52" ec="0" bec="0" bev="0" fileid="9" />
                <SequencePoint vc="0" uspid="261" ordinal="0" offset="289" sl="53" sc="0" el="53" ec="0" bec="0" bev="0" fileid="9" />
                <SequencePoint vc="0" uspid="262" ordinal="0" offset="342" sl="55" sc="0" el="55" ec="0" bec="0" bev="0" fileid="9" />
                <SequencePoint vc="0" uspid="263" ordinal="0" offset="351" sl="56" sc="0" el="56" ec="0" bec="0" bev="0" fileid="9" />
                <SequencePoint vc="0" uspid="264" ordinal="0" offset="369" sl="57" sc="0" el="57" ec="0" bec="0" bev="0" fileid="9" />
                <SequencePoint vc="0" uspid="265" ordinal="0" offset="394" sl="59" sc="0" el="59" ec="0" bec="0" bev="0" fileid="9" />
                <SequencePoint vc="0" uspid="266" ordinal="0" offset="403" sl="60" sc="0" el="60" ec="0" bec="0" bev="0" fileid="9" />
                <SequencePoint vc="0" uspid="267" ordinal="0" offset="413" sl="62" sc="0" el="62" ec="0" bec="0" bev="0" fileid="9" />
                <SequencePoint vc="0" uspid="268" ordinal="0" offset="447" sl="63" sc="0" el="63" ec="0" bec="0" bev="0" fileid="9" />
                <SequencePoint vc="0" uspid="269" ordinal="0" offset="460" sl="66" sc="0" el="66" ec="0" bec="0" bev="0" fileid="9" />
                <SequencePoint vc="0" uspid="270" ordinal="0" offset="473" sl="67" sc="0" el="67" ec="0" bec="0" bev="0" fileid="9" />
                <SequencePoint vc="0" uspid="271" ordinal="0" offset="485" sl="68" sc="0" el="68" ec="0" bec="0" bev="0" fileid="9" />
                <SequencePoint vc="0" uspid="272" ordinal="0" offset="491" sl="69" sc="0" el="69" ec="0" bec="0" bev="0" fileid="9" />
                <SequencePoint vc="0" uspid="273" ordinal="0" offset="509" sl="70" sc="0" el="70" ec="0" bec="0" bev="0" fileid="9" />
                <SequencePoint vc="0" uspid="274" ordinal="0" offset="510" sl="72" sc="0" el="72" ec="0" bec="0" bev="0" fileid="9" />
                <SequencePoint vc="0" uspid="275" ordinal="0" offset="517" sl="73" sc="0" el="73" ec="0" bec="0" bev="0" fileid="9" />
                <SequencePoint vc="0" uspid="276" ordinal="0" offset="526" sl="74" sc="0" el="74" ec="0" bec="0" bev="0" fileid="9" />
                <SequencePoint vc="0" uspid="277" ordinal="0" offset="539" sl="76" sc="0" el="76" ec="0" bec="0" bev="0" fileid="9" />
                <SequencePoint vc="0" uspid="278" ordinal="0" offset="572" sl="77" sc="0" el="77" ec="0" bec="0" bev="0" fileid="9" />
                <SequencePoint vc="0" uspid="279" ordinal="0" offset="625" sl="79" sc="0" el="79" ec="0" bec="0" bev="0" fileid="9" />
                <SequencePoint vc="0" uspid="280" ordinal="0" offset="637" sl="80" sc="0" el="80" ec="0" bec="0" bev="0" fileid="9" />
                <SequencePoint vc="0" uspid="281" ordinal="0" offset="658" sl="82" sc="0" el="82" ec="0" bec="0" bev="0" fileid="9" />
                <SequencePoint vc="0" uspid="282" ordinal="0" offset="692" sl="83" sc="0" el="83" ec="0" bec="0" bev="0" fileid="9" />
                <SequencePoint vc="0" uspid="283" ordinal="0" offset="705" sl="84" sc="0" el="84" ec="0" bec="0" bev="0" fileid="9" />
                <SequencePoint vc="0" uspid="284" ordinal="0" offset="718" sl="85" sc="0" el="85" ec="0" bec="0" bev="0" fileid="9" />
                <SequencePoint vc="0" uspid="285" ordinal="0" offset="731" sl="88" sc="0" el="88" ec="0" bec="0" bev="0" fileid="9" />
                <SequencePoint vc="0" uspid="286" ordinal="0" offset="744" sl="89" sc="0" el="89" ec="0" bec="0" bev="0" fileid="9" />
                <SequencePoint vc="0" uspid="287" ordinal="0" offset="756" sl="90" sc="0" el="90" ec="0" bec="0" bev="0" fileid="9" />
                <SequencePoint vc="0" uspid="288" ordinal="0" offset="757" sl="94" sc="0" el="94" ec="0" bec="0" bev="0" fileid="9" />
                <SequencePoint vc="0" uspid="289" ordinal="0" offset="758" sl="21" sc="0" el="21" ec="0" bec="0" bev="0" fileid="9" />
                <SequencePoint vc="0" uspid="290" ordinal="0" offset="762" sl="21" sc="0" el="21" ec="0" bec="0" bev="0" fileid="9" />
                <SequencePoint vc="0" uspid="291" ordinal="0" offset="780" sl="95" sc="0" el="95" ec="0" bec="0" bev="0" fileid="9" />
              </SequencePoints>
              <BranchPoints />
            </Method>
            <Method visited="false" cyclomaticComplexity="0" nPathComplexity="0" sequenceCoverage="0.0" branchCoverage="0" crapScore="0" isConstructor="true" isStatic="false" isGetter="false" isSetter="false">
              <Summary numSequencePoints="2" visitedSequencePoints="0" numBranchPoints="0" visitedBranchPoints="0" sequenceCoverage="0.0" branchCoverage="0" maxCyclomaticComplexity="0" minCyclomaticComplexity="0" maxCrapScore="0" minCrapScore="0" visitedClasses="0" numClasses="0" visitedMethods="0" numMethods="1" />
              <MetadataToken>100663335</MetadataToken>
              <Name>TMPro.Examples.Benchmark02::Benchmark02()</Name>
              <FileRef uid="9" />
              <SequencePoints>
                <SequencePoint vc="0" uspid="292" ordinal="0" offset="0" sl="11" sc="0" el="11" ec="0" bec="0" bev="0" fileid="9" />
                <SequencePoint vc="0" uspid="293" ordinal="0" offset="7" sl="12" sc="0" el="12" ec="0" bec="0" bev="0" fileid="9" />
              </SequencePoints>
              <BranchPoints />
            </Method>
          </Methods>
        </Class>
        <Class>
          <Summary numSequencePoints="48" visitedSequencePoints="0" numBranchPoints="0" visitedBranchPoints="0" sequenceCoverage="0.0" branchCoverage="0.0" maxCyclomaticComplexity="0" minCyclomaticComplexity="0" maxCrapScore="0" minCrapScore="0" visitedClasses="0" numClasses="1" visitedMethods="0" numMethods="3" />
          <FullName>TMPro.Examples.Benchmark03</FullName>
          <Methods>
            <Method visited="false" cyclomaticComplexity="0" nPathComplexity="0" sequenceCoverage="0.0" branchCoverage="0" crapScore="0" isConstructor="false" isStatic="false" isGetter="false" isSetter="false">
              <Summary numSequencePoints="2" visitedSequencePoints="0" numBranchPoints="0" visitedBranchPoints="0" sequenceCoverage="0.0" branchCoverage="0" maxCyclomaticComplexity="0" minCyclomaticComplexity="0" maxCrapScore="0" minCrapScore="0" visitedClasses="0" numClasses="0" visitedMethods="0" numMethods="1" />
              <MetadataToken>100663336</MetadataToken>
              <Name>System.Void TMPro.Examples.Benchmark03::Awake()</Name>
              <FileRef uid="10" />
              <SequencePoints>
                <SequencePoint vc="0" uspid="294" ordinal="0" offset="0" sl="20" sc="0" el="20" ec="0" bec="0" bev="0" fileid="10" />
                <SequencePoint vc="0" uspid="295" ordinal="0" offset="1" sl="22" sc="0" el="22" ec="0" bec="0" bev="0" fileid="10" />
              </SequencePoints>
              <BranchPoints />
            </Method>
            <Method visited="false" cyclomaticComplexity="0" nPathComplexity="0" sequenceCoverage="0.0" branchCoverage="0" crapScore="0" isConstructor="false" isStatic="false" isGetter="false" isSetter="false">
              <Summary numSequencePoints="45" visitedSequencePoints="0" numBranchPoints="0" visitedBranchPoints="0" sequenceCoverage="0.0" branchCoverage="0" maxCyclomaticComplexity="0" minCyclomaticComplexity="0" maxCrapScore="0" minCrapScore="0" visitedClasses="0" numClasses="0" visitedMethods="0" numMethods="1" />
              <MetadataToken>100663337</MetadataToken>
              <Name>System.Void TMPro.Examples.Benchmark03::Start()</Name>
              <FileRef uid="10" />
              <SequencePoints>
                <SequencePoint vc="0" uspid="296" ordinal="0" offset="0" sl="26" sc="0" el="26" ec="0" bec="0" bev="0" fileid="10" />
                <SequencePoint vc="0" uspid="297" ordinal="0" offset="1" sl="27" sc="0" el="27" ec="0" bec="0" bev="0" fileid="10" />
                <SequencePoint vc="0" uspid="298" ordinal="0" offset="3" sl="30" sc="0" el="30" ec="0" bec="0" bev="0" fileid="10" />
                <SequencePoint vc="0" uspid="299" ordinal="0" offset="39" sl="33" sc="0" el="33" ec="0" bec="0" bev="0" fileid="10" />
                <SequencePoint vc="0" uspid="300" ordinal="0" offset="72" sl="34" sc="0" el="34" ec="0" bec="0" bev="0" fileid="10" />
                <SequencePoint vc="0" uspid="301" ordinal="0" offset="77" sl="36" sc="0" el="36" ec="0" bec="0" bev="0" fileid="10" />
                <SequencePoint vc="0" uspid="302" ordinal="0" offset="110" sl="37" sc="0" el="37" ec="0" bec="0" bev="0" fileid="10" />
[...]
              <FileRef uid="40" />
              <SequencePoints>
                <SequencePoint vc="1" uspid="3435" ordinal="0" offset="34" sl="360" sc="5" el="360" ec="5" bec="0" bev="0" fileid="40" />
                <SequencePoint vc="1" uspid="3436" ordinal="0" offset="35" sl="361" sc="9" el="361" ec="9" bec="0" bev="0" fileid="40" />
                <SequencePoint vc="1" uspid="3437" ordinal="0" offset="47" sl="362" sc="9" el="362" ec="9" bec="0" bev="0" fileid="40" />
                <SequencePoint vc="1" uspid="3438" ordinal="0" offset="77" sl="363" sc="9" el="363" ec="9" bec="0" bev="0" fileid="40" />
                <SequencePoint vc="1" uspid="3439" ordinal="0" offset="100" sl="364" sc="9" el="364" ec="9" bec="0" bev="0" fileid="40" />
                <SequencePoint vc="1" uspid="3440" ordinal="0" offset="118" sl="365" sc="14" el="365" ec="14" bec="0" bev="0" fileid="40" />
                <SequencePoint vc="14" uspid="3441" ordinal="0" offset="127" sl="366" sc="9" el="366" ec="9" bec="0" bev="0" fileid="40" />
                <SequencePoint vc="14" uspid="3442" ordinal="0" offset="128" sl="367" sc="13" el="367" ec="13" bec="0" bev="0" fileid="40" />
                <SequencePoint vc="14" uspid="3443" ordinal="0" offset="140" sl="368" sc="9" el="368" ec="9" bec="0" bev="0" fileid="40" />
                <SequencePoint vc="14" uspid="3444" ordinal="0" offset="141" sl="365" sc="59" el="365" ec="59" bec="0" bev="0" fileid="40" />
                <SequencePoint vc="15" uspid="3445" ordinal="0" offset="157" sl="365" sc="25" el="365" ec="25" bec="0" bev="0" fileid="40" />
                <SequencePoint vc="1" uspid="3446" ordinal="0" offset="187" sl="369" sc="9" el="369" ec="9" bec="0" bev="0" fileid="40" />
                <SequencePoint vc="1" uspid="3447" ordinal="0" offset="194" sl="370" sc="9" el="370" ec="9" bec="0" bev="0" fileid="40" />
                <SequencePoint vc="0" uspid="3448" ordinal="0" offset="229" sl="371" sc="9" el="371" ec="9" bec="0" bev="0" fileid="40" />
                <SequencePoint vc="0" uspid="3449" ordinal="0" offset="230" sl="372" sc="13" el="372" ec="13" bec="0" bev="0" fileid="40" />
                <SequencePoint vc="0" uspid="3450" ordinal="0" offset="237" sl="373" sc="9" el="373" ec="9" bec="0" bev="0" fileid="40" />
                <SequencePoint vc="1" uspid="3451" ordinal="0" offset="243" sl="374" sc="14" el="374" ec="14" bec="0" bev="0" fileid="40" />
                <SequencePoint vc="1" uspid="3452" ordinal="0" offset="280" sl="375" sc="9" el="375" ec="9" bec="0" bev="0" fileid="40" />
                <SequencePoint vc="1" uspid="3453" ordinal="0" offset="281" sl="376" sc="13" el="376" ec="13" bec="0" bev="0" fileid="40" />
                <SequencePoint vc="1" uspid="3454" ordinal="0" offset="288" sl="377" sc="9" el="377" ec="9" bec="0" bev="0" fileid="40" />
                <SequencePoint vc="0" uspid="3455" ordinal="0" offset="291" sl="378" sc="14" el="378" ec="14" bec="0" bev="0" fileid="40" />
                <SequencePoint vc="0" uspid="3456" ordinal="0" offset="328" sl="379" sc="9" el="379" ec="9" bec="0" bev="0" fileid="40" />
                <SequencePoint vc="0" uspid="3457" ordinal="0" offset="329" sl="380" sc="13" el="380" ec="13" bec="0" bev="0" fileid="40" />
                <SequencePoint vc="0" uspid="3458" ordinal="0" offset="336" sl="381" sc="9" el="381" ec="9" bec="0" bev="0" fileid="40" />
                <SequencePoint vc="0" uspid="3459" ordinal="0" offset="339" sl="382" sc="14" el="382" ec="14" bec="0" bev="0" fileid="40" />
                <SequencePoint vc="0" uspid="3460" ordinal="0" offset="376" sl="383" sc="9" el="383" ec="9" bec="0" bev="0" fileid="40" />
                <SequencePoint vc="0" uspid="3461" ordinal="0" offset="377" sl="384" sc="13" el="384" ec="13" bec="0" bev="0" fileid="40" />
                <SequencePoint vc="0" uspid="3462" ordinal="0" offset="384" sl="385" sc="9" el="385" ec="9" bec="0" bev="0" fileid="40" />
                <SequencePoint vc="1" uspid="3463" ordinal="0" offset="385" sl="386" sc="9" el="386" ec="9" bec="0" bev="0" fileid="40" />
                <SequencePoint vc="1" uspid="3464" ordinal="0" offset="397" sl="387" sc="9" el="387" ec="9" bec="0" bev="0" fileid="40" />
                <SequencePoint vc="1" uspid="3465" ordinal="0" offset="409" sl="388" sc="9" el="388" ec="9" bec="0" bev="0" fileid="40" />
                <SequencePoint vc="1" uspid="3466" ordinal="0" offset="432" sl="389" sc="5" el="389" ec="5" bec="0" bev="0" fileid="40" />
              </SequencePoints>
              <BranchPoints />
            </Method>
          </Methods>
        </Class>
        <Class>
          <Summary numSequencePoints="7" visitedSequencePoints="7" numBranchPoints="0" visitedBranchPoints="0" sequenceCoverage="100.0" branchCoverage="0.0" maxCyclomaticComplexity="0" minCyclomaticComplexity="0" maxCrapScore="0" minCrapScore="0" visitedClasses="1" numClasses="1" visitedMethods="1" numMethods="1" />
          <FullName>TestSuite/&lt;MurdererTest&gt;d__35</FullName>
          <Methods>
            <Method visited="true" cyclomaticComplexity="0" nPathComplexity="0" sequenceCoverage="100.0" branchCoverage="0" crapScore="0" isConstructor="false" isStatic="false" isGetter="false" isSetter="false">
              <Summary numSequencePoints="7" visitedSequencePoints="7" numBranchPoints="0" visitedBranchPoints="0" sequenceCoverage="100.0" branchCoverage="0" maxCyclomaticComplexity="0" minCyclomaticComplexity="0" maxCrapScore="0" minCrapScore="0" visitedClasses="0" numClasses="0" visitedMethods="1" numMethods="1" />
              <MetadataToken>100663480</MetadataToken>
              <Name>System.Boolean TestSuite/&lt;MurdererTest&gt;d__35::MoveNext()</Name>
              <FileRef uid="40" />
              <SequencePoints>
                <SequencePoint vc="1" uspid="3467" ordinal="0" offset="31" sl="393" sc="5" el="393" ec="5" bec="0" bev="0" fileid="40" />
                <SequencePoint vc="1" uspid="3468" ordinal="0" offset="32" sl="394" sc="9" el="394" ec="9" bec="0" bev="0" fileid="40" />
                <SequencePoint vc="1" uspid="3469" ordinal="0" offset="44" sl="395" sc="9" el="395" ec="9" bec="0" bev="0" fileid="40" />
                <SequencePoint vc="1" uspid="3470" ordinal="0" offset="79" sl="396" sc="9" el="396" ec="9" bec="0" bev="0" fileid="40" />
                <SequencePoint vc="1" uspid="3471" ordinal="0" offset="121" sl="397" sc="9" el="397" ec="9" bec="0" bev="0" fileid="40" />
                <SequencePoint vc="1" uspid="3472" ordinal="0" offset="133" sl="398" sc="9" el="398" ec="9" bec="0" bev="0" fileid="40" />
                <SequencePoint vc="1" uspid="3473" ordinal="0" offset="156" sl="399" sc="5" el="399" ec="5" bec="0" bev="0" fileid="40" />
              </SequencePoints>
              <BranchPoints />
            </Method>
          </Methods>
        </Class>
        <Class>
          <Summary numSequencePoints="7" visitedSequencePoints="7" numBranchPoints="0" visitedBranchPoints="0" sequenceCoverage="100.0" branchCoverage="0.0" maxCyclomaticComplexity="0" minCyclomaticComplexity="0" maxCrapScore="0" minCrapScore="0" visitedClasses="1" numClasses="1" visitedMethods="1" numMethods="1" />
          <FullName>TestSuite/&lt;DeathTest&gt;d__36</FullName>
          <Methods>
            <Method visited="true" cyclomaticComplexity="0" nPathComplexity="0" sequenceCoverage="100.0" branchCoverage="0" crapScore="0" isConstructor="false" isStatic="false" isGetter="false" isSetter="false">
              <Summary numSequencePoints="7" visitedSequencePoints="7" numBranchPoints="0" visitedBranchPoints="0" sequenceCoverage="100.0" branchCoverage="0" maxCyclomaticComplexity="0" minCyclomaticComplexity="0" maxCrapScore="0" minCrapScore="0" visitedClasses="0" numClasses="0" visitedMethods="1" numMethods="1" />
              <MetadataToken>100663486</MetadataToken>
              <Name>System.Boolean TestSuite/&lt;DeathTest&gt;d__36::MoveNext()</Name>
              <FileRef uid="40" />
              <SequencePoints>
                <SequencePoint vc="1" uspid="3474" ordinal="0" offset="31" sl="403" sc="5" el="403" ec="5" bec="0" bev="0" fileid="40" />
                <SequencePoint vc="1" uspid="3475" ordinal="0" offset="32" sl="404" sc="9" el="404" ec="9" bec="0" bev="0" fileid="40" />
                <SequencePoint vc="1" uspid="3476" ordinal="0" offset="44" sl="405" sc="9" el="405" ec="9" bec="0" bev="0" fileid="40" />
                <SequencePoint vc="1" uspid="3477" ordinal="0" offset="62" sl="406" sc="9" el="406" ec="9" bec="0" bev="0" fileid="40" />
                <SequencePoint vc="1" uspid="3478" ordinal="0" offset="99" sl="407" sc="9" el="407" ec="9" bec="0" bev="0" fileid="40" />
                <SequencePoint vc="1" uspid="3479" ordinal="0" offset="111" sl="408" sc="9" el="408" ec="9" bec="0" bev="0" fileid="40" />
                <SequencePoint vc="1" uspid="3480" ordinal="0" offset="134" sl="409" sc="5" el="409" ec="5" bec="0" bev="0" fileid="40" />
              </SequencePoints>
              <BranchPoints />
            </Method>
          </Methods>
        </Class>
        <Class>
          <Summary numSequencePoints="12" visitedSequencePoints="12" numBranchPoints="0" visitedBranchPoints="0" sequenceCoverage="100.0" branchCoverage="0.0" maxCyclomaticComplexity="0" minCyclomaticComplexity="0" maxCrapScore="0" minCrapScore="0" visitedClasses="1" numClasses="1" visitedMethods="1" numMethods="1" />
          <FullName>TestSuite/&lt;RoleErrorHandlingTest&gt;d__37</FullName>
          <Methods>
            <Method visited="true" cyclomaticComplexity="0" nPathComplexity="0" sequenceCoverage="100.0" branchCoverage="0" crapScore="0" isConstructor="false" isStatic="false" isGetter="false" isSetter="false">
              <Summary numSequencePoints="12" visitedSequencePoints="12" numBranchPoints="0" visitedBranchPoints="0" sequenceCoverage="100.0" branchCoverage="0" maxCyclomaticComplexity="0" minCyclomaticComplexity="0" maxCrapScore="0" minCrapScore="0" visitedClasses="0" numClasses="0" visitedMethods="1" numMethods="1" />
              <MetadataToken>100663492</MetadataToken>
              <Name>System.Boolean TestSuite/&lt;RoleErrorHandlingTest&gt;d__37::MoveNext()</Name>
              <FileRef uid="40" />
              <SequencePoints>
                <SequencePoint vc="1" uspid="3481" ordinal="0" offset="34" sl="413" sc="5" el="413" ec="5" bec="0" bev="0" fileid="40" />
                <SequencePoint vc="1" uspid="3482" ordinal="0" offset="35" sl="414" sc="9" el="414" ec="9" bec="0" bev="0" fileid="40" />
                <SequencePoint vc="1" uspid="3483" ordinal="0" offset="47" sl="415" sc="9" el="415" ec="9" bec="0" bev="0" fileid="40" />
                <SequencePoint vc="1" uspid="3484" ordinal="0" offset="64" sl="416" sc="14" el="416" ec="14" bec="0" bev="0" fileid="40" />
                <SequencePoint vc="1200" uspid="3485" ordinal="0" offset="73" sl="417" sc="9" el="417" ec="9" bec="0" bev="0" fileid="40" />
                <SequencePoint vc="1200" uspid="3486" ordinal="0" offset="74" sl="418" sc="13" el="418" ec="13" bec="0" bev="0" fileid="40" />
                <SequencePoint vc="1200" uspid="3487" ordinal="0" offset="86" sl="419" sc="9" el="419" ec="9" bec="0" bev="0" fileid="40" />
                <SequencePoint vc="1200" uspid="3488" ordinal="0" offset="87" sl="416" sc="63" el="416" ec="63" bec="0" bev="0" fileid="40" />
                <SequencePoint vc="1201" uspid="3489" ordinal="0" offset="103" sl="416" sc="25" el="416" ec="25" bec="0" bev="0" fileid="40" />
                <SequencePoint vc="1" uspid="3490" ordinal="0" offset="134" sl="420" sc="9" el="420" ec="9" bec="0" bev="0" fileid="40" />
                <SequencePoint vc="1" uspid="3491" ordinal="0" offset="146" sl="421" sc="9" el="421" ec="9" bec="0" bev="0" fileid="40" />
                <SequencePoint vc="1" uspid="3492" ordinal="0" offset="169" sl="422" sc="5" el="422" ec="5" bec="0" bev="0" fileid="40" />
              </SequencePoints>
              <BranchPoints />
            </Method>
          </Methods>
        </Class>
        <Class>
          <Summary numSequencePoints="13" visitedSequencePoints="13" numBranchPoints="0" visitedBranchPoints="0" sequenceCoverage="100.0" branchCoverage="0.0" maxCyclomaticComplexity="0" minCyclomaticComplexity="0" maxCrapScore="0" minCrapScore="0" visitedClasses="1" numClasses="1" visitedMethods="1" numMethods="1" />
          <FullName>TestSuite/&lt;PlayerRoleHandlingTest&gt;d__38</FullName>
          <Methods>
            <Method visited="true" cyclomaticComplexity="0" nPathComplexity="0" sequenceCoverage="100.0" branchCoverage="0" crapScore="0" isConstructor="false" isStatic="false" isGetter="false" isSetter="false">
              <Summary numSequencePoints="13" visitedSequencePoints="13" numBranchPoints="0" visitedBranchPoints="0" sequenceCoverage="100.0" branchCoverage="0" maxCyclomaticComplexity="0" minCyclomaticComplexity="0" maxCrapScore="0" minCrapScore="0" visitedClasses="0" numClasses="0" visitedMethods="1" numMethods="1" />
              <MetadataToken>100663498</MetadataToken>
              <Name>System.Boolean TestSuite/&lt;PlayerRoleHandlingTest&gt;d__38::MoveNext()</Name>
              <FileRef uid="40" />
              <SequencePoints>
                <SequencePoint vc="1" uspid="3493" ordinal="0" offset="34" sl="426" sc="5" el="426" ec="5" bec="0" bev="0" fileid="40" />
                <SequencePoint vc="1" uspid="3494" ordinal="0" offset="35" sl="427" sc="9" el="427" ec="9" bec="0" bev="0" fileid="40" />
                <SequencePoint vc="1" uspid="3495" ordinal="0" offset="47" sl="428" sc="9" el="428" ec="9" bec="0" bev="0" fileid="40" />
                <SequencePoint vc="1" uspid="3496" ordinal="0" offset="64" sl="429" sc="14" el="429" ec="14" bec="0" bev="0" fileid="40" />
                <SequencePoint vc="60" uspid="3497" ordinal="0" offset="73" sl="430" sc="9" el="430" ec="9" bec="0" bev="0" fileid="40" />
                <SequencePoint vc="60" uspid="3498" ordinal="0" offset="74" sl="431" sc="13" el="431" ec="13" bec="0" bev="0" fileid="40" />
                <SequencePoint vc="60" uspid="3499" ordinal="0" offset="86" sl="432" sc="9" el="432" ec="9" bec="0" bev="0" fileid="40" />
                <SequencePoint vc="60" uspid="3500" ordinal="0" offset="87" sl="429" sc="61" el="429" ec="61" bec="0" bev="0" fileid="40" />
                <SequencePoint vc="61" uspid="3501" ordinal="0" offset="103" sl="429" sc="25" el="429" ec="25" bec="0" bev="0" fileid="40" />
                <SequencePoint vc="1" uspid="3502" ordinal="0" offset="133" sl="433" sc="9" el="433" ec="9" bec="0" bev="0" fileid="40" />
                <SequencePoint vc="1" uspid="3503" ordinal="0" offset="170" sl="434" sc="9" el="434" ec="9" bec="0" bev="0" fileid="40" />
                <SequencePoint vc="1" uspid="3504" ordinal="0" offset="182" sl="435" sc="9" el="435" ec="9" bec="0" bev="0" fileid="40" />
                <SequencePoint vc="1" uspid="3505" ordinal="0" offset="205" sl="436" sc="5" el="436" ec="5" bec="0" bev="0" fileid="40" />
              </SequencePoints>
              <BranchPoints />
            </Method>
          </Methods>
        </Class>
        <Class>
          <Summary numSequencePoints="9" visitedSequencePoints="9" numBranchPoints="0" visitedBranchPoints="0" sequenceCoverage="100.0" branchCoverage="0.0" maxCyclomaticComplexity="0" minCyclomaticComplexity="0" maxCrapScore="0" minCrapScore="0" visitedClasses="1" numClasses="1" visitedMethods="1" numMethods="1" />
          <FullName>TestSuite/&lt;ButtonBasicTest&gt;d__39</FullName>
          <Methods>
            <Method visited="true" cyclomaticComplexity="0" nPathComplexity="0" sequenceCoverage="100.0" branchCoverage="0" crapScore="0" isConstructor="false" isStatic="false" isGetter="false" isSetter="false">
              <Summary numSequencePoints="9" visitedSequencePoints="9" numBranchPoints="0" visitedBranchPoints="0" sequenceCoverage="100.0" branchCoverage="0" maxCyclomaticComplexity="0" minCyclomaticComplexity="0" maxCrapScore="0" minCrapScore="0" visitedClasses="0" numClasses="0" visitedMethods="1" numMethods="1" />
              <MetadataToken>100663504</MetadataToken>
              <Name>System.Boolean TestSuite/&lt;ButtonBasicTest&gt;d__39::MoveNext()</Name>
              <FileRef uid="40" />
              <SequencePoints>
                <SequencePoint vc="1" uspid="3506" ordinal="0" offset="31" sl="440" sc="5" el="440" ec="5" bec="0" bev="0" fileid="40" />
                <SequencePoint vc="1" uspid="3507" ordinal="0" offset="32" sl="441" sc="9" el="441" ec="9" bec="0" bev="0" fileid="40" />
                <SequencePoint vc="1" uspid="3508" ordinal="0" offset="44" sl="442" sc="9" el="442" ec="9" bec="0" bev="0" fileid="40" />
                <SequencePoint vc="1" uspid="3509" ordinal="0" offset="61" sl="443" sc="9" el="443" ec="9" bec="0" bev="0" fileid="40" />
                <SequencePoint vc="1" uspid="3510" ordinal="0" offset="78" sl="444" sc="9" el="444" ec="9" bec="0" bev="0" fileid="40" />
                <SequencePoint vc="1" uspid="3511" ordinal="0" offset="95" sl="445" sc="9" el="445" ec="9" bec="0" bev="0" fileid="40" />
                <SequencePoint vc="1" uspid="3512" ordinal="0" offset="112" sl="447" sc="9" el="447" ec="9" bec="0" bev="0" fileid="40" />
                <SequencePoint vc="1" uspid="3513" ordinal="0" offset="124" sl="448" sc="9" el="448" ec="9" bec="0" bev="0" fileid="40" />
                <SequencePoint vc="1" uspid="3514" ordinal="0" offset="147" sl="449" sc="5" el="449" ec="5" bec="0" bev="0" fileid="40" />
              </SequencePoints>
              <BranchPoints />
            </Method>
          </Methods>
        </Class>
        <Class>
          <Summary numSequencePoints="6" visitedSequencePoints="6" numBranchPoints="0" visitedBranchPoints="0" sequenceCoverage="100.0" branchCoverage="0.0" maxCyclomaticComplexity="0" minCyclomaticComplexity="0" maxCrapScore="0" minCrapScore="0" visitedClasses="1" numClasses="1" visitedMethods="1" numMethods="1" />
          <FullName>TestSuite/&lt;BlockTest&gt;d__40</FullName>
          <Methods>
            <Method visited="true" cyclomaticComplexity="0" nPathComplexity="0" sequenceCoverage="100.0" branchCoverage="0" crapScore="0" isConstructor="false" isStatic="false" isGetter="false" isSetter="false">
              <Summary numSequencePoints="6" visitedSequencePoints="6" numBranchPoints="0" visitedBranchPoints="0" sequenceCoverage="100.0" branchCoverage="0" maxCyclomaticComplexity="0" minCyclomaticComplexity="0" maxCrapScore="0" minCrapScore="0" visitedClasses="0" numClasses="0" visitedMethods="1" numMethods="1" />
              <MetadataToken>100663510</MetadataToken>
              <Name>System.Boolean TestSuite/&lt;BlockTest&gt;d__40::MoveNext()</Name>
              <FileRef uid="40" />
              <SequencePoints>
                <SequencePoint vc="1" uspid="3515" ordinal="0" offset="31" sl="453" sc="5" el="453" ec="5" bec="0" bev="0" fileid="40" />
                <SequencePoint vc="1" uspid="3516" ordinal="0" offset="32" sl="454" sc="9" el="454" ec="9" bec="0" bev="0" fileid="40" />
                <SequencePoint vc="1" uspid="3517" ordinal="0" offset="44" sl="455" sc="9" el="455" ec="9" bec="0" bev="0" fileid="40" />
                <SequencePoint vc="1" uspid="3518" ordinal="0" offset="61" sl="456" sc="9" el="456" ec="9" bec="0" bev="0" fileid="40" />
                <SequencePoint vc="1" uspid="3519" ordinal="0" offset="73" sl="457" sc="9" el="457" ec="9" bec="0" bev="0" fileid="40" />
                <SequencePoint vc="1" uspid="3520" ordinal="0" offset="96" sl="458" sc="5" el="458" ec="5" bec="0" bev="0" fileid="40" />
              </SequencePoints>
              <BranchPoints />
            </Method>
          </Methods>
        </Class>
      </Classes>
    </Module>
  </Modules>
</CoverageSession>